2026-02-21 17:29:20,094 [INFO] Config chargee depuis config.json
2026-02-21 17:29:20,097 [DEBUG] Image chargée: StoryButton (story.png)
2026-02-21 17:29:20,099 [DEBUG] Image chargée: ContinueButton (continue.png)
2026-02-21 17:29:20,101 [DEBUG] Image chargée: MissionObject (mission.png)
2026-02-21 17:29:20,101 [DEBUG] Image chargée: DemoCheckmark (demo.png)
2026-02-21 17:29:20,102 [DEBUG] Image chargée: DemoChecked (demo_checked.png)
2026-02-21 17:29:20,102 [DEBUG] Image chargée: StartBattleButton (startbattle.png)
2026-02-21 17:29:20,104 [DEBUG] Image chargée: YesButton (yes.png)
2026-02-21 17:29:20,104 [DEBUG] Image chargée: NoButton (no.png)
2026-02-21 17:29:20,106 [DEBUG] Image chargée: LegendsPointer (legendspointer.png)
2026-02-21 17:29:20,106 [DEBUG] Image chargée: ReadyButton (ready.png)
2026-02-21 17:29:20,106 [DEBUG] Image chargée: FinishedPointer (finishedpointer.png)
2026-02-21 17:29:20,107 [DEBUG] Image chargée: TapArrow (tap.png)
2026-02-21 17:29:20,107 [DEBUG] Image chargée: OkBattleButton (okbattle.png)
2026-02-21 17:29:20,107 [DEBUG] Image chargée: SkipButton (skip.png)
2026-02-21 17:29:20,109 [DEBUG] Image chargée: StorySlide (storyslide.png)
2026-02-21 17:29:20,109 [WARNING] Images manquantes (2): ['ArrowObject', 'CloseButton']
2026-02-21 17:29:20,109 [WARNING] Mets ces images dans le dossier 'images/'
2026-02-21 17:29:20,111 [WARNING] Utilise l'outil de capture: python capture.py
2026-02-21 17:29:20,111 [INFO] Recherche de la fenetre: 'BlueStacks App Player'
2026-02-21 17:29:20,112 [INFO] Fenetre trouvée: Bluestacks App Player | Pos: (0,0) Taille: 1920x1032
2026-02-21 17:29:20,268 [INFO] DBFarmer initialisé avec succès
2026-02-21 17:29:20,271 [INFO] =======================================================
2026-02-21 17:29:20,271 [INFO]   SETUP INITIAL
2026-02-21 17:29:20,271 [INFO] =======================================================
2026-02-21 17:29:20,272 [INFO] Attente: StoryButton
2026-02-21 17:29:20,637 [DEBUG] Trouvé [StoryButton] confiance=0.83 pos=(795,795)
2026-02-21 17:29:20,641 [INFO] Clic: StoryButton
2026-02-21 17:29:21,199 [DEBUG] Clic en (795, 795)
2026-02-21 17:29:21,199 [INFO] ✓ Histoire sélectionnée
2026-02-21 17:29:21,201 [INFO] Attente: ContinueButton
2026-02-21 17:29:22,685 [DEBUG] Trouvé [ContinueButton] confiance=0.76 pos=(1116,819)
2026-02-21 17:29:22,689 [INFO] Clic: ContinueButton
2026-02-21 17:29:23,247 [DEBUG] Clic en (1116, 819)
2026-02-21 17:29:23,247 [INFO] ✓ Continuer cliqué
2026-02-21 17:29:25,117 [INFO] Anti-stuck démarré (thread background)
2026-02-21 17:29:27,172 [WARNING] [YesButton] non trouvé après 5 essais
2026-02-21 17:29:27,172 [INFO] ✓ Setup terminé - la boucle prend le relais
2026-02-21 17:29:27,172 [INFO] =======================================================
2026-02-21 17:29:27,172 [INFO]   BOUCLE DE FARMING DÉMARRÉE
2026-02-21 17:29:27,172 [INFO] =======================================================
2026-02-21 17:29:27,172 [INFO] Détection type de niveau...
2026-02-21 17:29:27,172 [INFO] Détection du type de niveau en cours...
2026-02-21 17:29:27,416 [DEBUG] Trouvé [StartBattleButton] confiance=0.82 pos=(1081,904)
2026-02-21 17:29:27,419 [INFO] → COMBAT (StartBattleButton présent)
2026-02-21 17:29:27,420 [INFO] ★ Niveau COMBAT
2026-02-21 17:29:27,420 [INFO] ─── Gestion niveau COMBAT ───
2026-02-21 17:29:27,420 [INFO] Demo checkmark
2026-02-21 17:29:27,420 [INFO] Vérif Play Demo décochée...
2026-02-21 17:29:27,627 [DEBUG]   _find_best [DemoCheckmark] score=0.958
2026-02-21 17:29:27,801 [DEBUG]   _find_best [DemoChecked] score=1.000
2026-02-21 17:29:27,801 [DEBUG] → Gagnant: [DemoChecked] score=1.000
2026-02-21 17:29:27,804 [INFO] Play Demo cochée — clic pour décocher en (1078, 809)
2026-02-21 17:29:28,365 [DEBUG] Clic en (1078, 809)
2026-02-21 17:29:29,396 [DEBUG]   _find_best [DemoCheckmark] score=1.000
2026-02-21 17:29:29,575 [DEBUG]   _find_best [DemoChecked] score=0.958
2026-02-21 17:29:29,575 [DEBUG] → Gagnant: [DemoCheckmark] score=1.000
2026-02-21 17:29:29,578 [INFO] ✓ Play Demo décochée après clic
2026-02-21 17:29:29,578 [INFO] ✓ Demo décochée, lancement du combat
2026-02-21 17:29:29,579 [INFO] Attente StartBattle...
2026-02-21 17:29:29,579 [INFO] Attente: StartBattleButton
2026-02-21 17:29:29,802 [DEBUG] Trouvé [StartBattleButton] confiance=0.82 pos=(1081,904)
2026-02-21 17:29:29,804 [INFO] Clic: StartBattleButton
2026-02-21 17:29:30,365 [DEBUG] Clic en (1081, 904)
2026-02-21 17:29:30,365 [INFO] ✓ Combattre cliqué
2026-02-21 17:29:37,344 [WARNING] [YesButton] non trouvé après 8 essais
2026-02-21 17:29:37,344 [WARNING] YesButton non trouvé après StartBattle
2026-02-21 17:29:37,344 [INFO] Sélection équipe
2026-02-21 17:29:37,543 [DEBUG] Trouvé [LegendsPointer] confiance=0.87 pos=(1145,541)
2026-02-21 17:29:38,308 [DEBUG] Clic en (845, 631)
2026-02-21 17:29:38,308 [INFO] Perso 1 cliqué: (845, 631)
2026-02-21 17:29:38,864 [DEBUG] Clic en (945, 631)
2026-02-21 17:29:38,864 [INFO] Perso 2 cliqué: (945, 631)
2026-02-21 17:29:39,426 [DEBUG] Clic en (1045, 631)
2026-02-21 17:29:39,426 [INFO] Perso 3 cliqué: (1045, 631)
2026-02-21 17:29:39,426 [INFO] Attente: ReadyButton
2026-02-21 17:29:39,683 [DEBUG] Trouvé [ReadyButton] confiance=0.97 pos=(944,986)
2026-02-21 17:29:39,684 [INFO] Clic: ReadyButton
2026-02-21 17:29:40,245 [DEBUG] Clic en (944, 986)
2026-02-21 17:29:40,245 [INFO] ✓ Prêt
2026-02-21 17:29:46,912 [WARNING] [YesButton] non trouvé après 8 essais
2026-02-21 17:29:46,912 [WARNING] YesButton non trouvé après ReadyButton
2026-02-21 17:29:46,912 [INFO] Attente fin de combat...
2026-02-21 17:29:46,913 [INFO] Attente FinishedPointer...
2026-02-21 17:29:46,913 [INFO] Attente: FinishedPointer
2026-02-21 17:30:25,222 [DEBUG] Anti-stuck OK, diff=46602287
2026-02-21 17:31:25,353 [DEBUG] Anti-stuck OK, diff=35523820
2026-02-21 17:32:18,082 [DEBUG] Trouvé [FinishedPointer] confiance=0.90 pos=(767,206)
2026-02-21 17:32:18,086 [INFO] Clic: FinishedPointer
2026-02-21 17:32:18,647 [DEBUG] Clic en (767, 206)
2026-02-21 17:32:18,647 [INFO] ✓ Combat terminé
2026-02-21 17:32:18,647 [INFO] Écran de résultats
2026-02-21 17:32:19,413 [DEBUG] Pas de TAP en attente
2026-02-21 17:32:19,413 [INFO] Attente: OkBattleButton
2026-02-21 17:32:20,848 [DEBUG] Trouvé [OkBattleButton] confiance=0.79 pos=(942,989)
2026-02-21 17:32:20,849 [INFO] Clic: OkBattleButton
2026-02-21 17:32:21,411 [DEBUG] Clic en (942, 989)
2026-02-21 17:32:21,411 [INFO] ✓ OkBattle étape 1
2026-02-21 17:32:22,154 [DEBUG] Pas de TAP en attente
2026-02-21 17:32:22,155 [INFO] Attente: OkBattleButton
2026-02-21 17:32:23,622 [DEBUG] Trouvé [OkBattleButton] confiance=0.79 pos=(1059,989)
2026-02-21 17:32:23,625 [INFO] Clic: OkBattleButton
2026-02-21 17:32:24,182 [DEBUG] Clic en (1059, 989)
2026-02-21 17:32:24,182 [INFO] ✓ OkBattle étape 2
2026-02-21 17:32:24,182 [INFO] Confirmation rejouer
2026-02-21 17:32:24,983 [INFO] Attente: YesButton
2026-02-21 17:32:25,253 [DEBUG] Trouvé [YesButton] confiance=0.97 pos=(1060,745)
2026-02-21 17:32:25,254 [INFO] Clic: YesButton
2026-02-21 17:32:25,447 [DEBUG] Anti-stuck OK, diff=26879217
2026-02-21 17:32:25,813 [DEBUG] Clic en (1060, 745)
2026-02-21 17:32:25,813 [INFO] ✓ Rejouer confirmé
2026-02-21 17:32:25,814 [INFO] Vérif cinématique inter-niveau
2026-02-21 17:32:26,815 [INFO] Clic Skip en (1120, 70) [mode=absolute]
2026-02-21 17:32:31,221 [WARNING] [YesButton] non trouvé après 5 essais
2026-02-21 17:32:31,221 [INFO] ✓ Skip inter-niveau tenté
2026-02-21 17:32:31,223 [INFO] ✓ Combat géré, retour détection prochain niveau
2026-02-21 17:32:31,223 [INFO] ✓✓ Combat terminé | Combats: 1 | Total: 1
2026-02-21 17:32:31,724 [INFO] Détection type de niveau...
2026-02-21 17:32:31,724 [INFO] Détection du type de niveau en cours...
2026-02-21 17:32:31,994 [DEBUG] Trouvé [StartBattleButton] confiance=0.82 pos=(1081,904)
2026-02-21 17:32:31,997 [INFO] → COMBAT (StartBattleButton présent)
2026-02-21 17:32:31,997 [INFO] ★ Niveau COMBAT
2026-02-21 17:32:31,997 [INFO] ─── Gestion niveau COMBAT ───
2026-02-21 17:32:31,997 [INFO] Demo checkmark
2026-02-21 17:32:31,997 [INFO] Vérif Play Demo décochée...
2026-02-21 17:32:32,227 [DEBUG]   _find_best [DemoCheckmark] score=0.958
2026-02-21 17:32:32,399 [DEBUG]   _find_best [DemoChecked] score=1.000
2026-02-21 17:32:32,400 [DEBUG] → Gagnant: [DemoChecked] score=1.000
2026-02-21 17:32:32,402 [INFO] Play Demo cochée — clic pour décocher en (1078, 809)
2026-02-21 17:32:32,959 [DEBUG] Clic en (1078, 809)
2026-02-21 17:32:34,020 [DEBUG]   _find_best [DemoCheckmark] score=0.999
2026-02-21 17:32:34,195 [DEBUG]   _find_best [DemoChecked] score=0.958
2026-02-21 17:32:34,195 [DEBUG] → Gagnant: [DemoCheckmark] score=0.999
2026-02-21 17:32:34,200 [INFO] ✓ Play Demo décochée après clic
2026-02-21 17:32:34,200 [INFO] ✓ Demo décochée, lancement du combat
2026-02-21 17:32:34,200 [INFO] Attente StartBattle...
2026-02-21 17:32:34,200 [INFO] Attente: StartBattleButton
2026-02-21 17:32:34,436 [DEBUG] Trouvé [StartBattleButton] confiance=0.82 pos=(1081,904)
2026-02-21 17:32:34,439 [INFO] Clic: StartBattleButton
2026-02-21 17:32:35,001 [DEBUG] Clic en (1081, 904)
2026-02-21 17:32:35,001 [INFO] ✓ Combattre cliqué
2026-02-21 17:32:41,949 [WARNING] [YesButton] non trouvé après 8 essais
2026-02-21 17:32:41,949 [WARNING] YesButton non trouvé après StartBattle
2026-02-21 17:32:41,950 [INFO] Sélection équipe
2026-02-21 17:32:42,156 [DEBUG] Trouvé [LegendsPointer] confiance=0.87 pos=(1145,541)
2026-02-21 17:32:42,913 [DEBUG] Clic en (845, 631)
2026-02-21 17:32:42,913 [INFO] Perso 1 cliqué: (845, 631)
2026-02-21 17:32:43,473 [DEBUG] Clic en (945, 631)
2026-02-21 17:32:43,473 [INFO] Perso 2 cliqué: (945, 631)
2026-02-21 17:32:44,028 [DEBUG] Clic en (1045, 631)
2026-02-21 17:32:44,028 [INFO] Perso 3 cliqué: (1045, 631)
2026-02-21 17:32:44,029 [INFO] Attente: ReadyButton
2026-02-21 17:32:44,283 [DEBUG] Trouvé [ReadyButton] confiance=0.97 pos=(944,986)
2026-02-21 17:32:44,285 [INFO] Clic: ReadyButton
2026-02-21 17:32:44,841 [DEBUG] Clic en (944, 986)
2026-02-21 17:32:44,841 [INFO] ✓ Prêt
2026-02-21 17:32:51,479 [WARNING] [YesButton] non trouvé après 8 essais
2026-02-21 17:32:51,479 [WARNING] YesButton non trouvé après ReadyButton
2026-02-21 17:32:51,479 [INFO] Attente fin de combat...
2026-02-21 17:32:51,481 [INFO] Attente FinishedPointer...
2026-02-21 17:32:51,481 [INFO] Attente: FinishedPointer
2026-02-21 17:33:25,534 [DEBUG] Anti-stuck OK, diff=41711874
2026-02-21 17:34:25,628 [DEBUG] Anti-stuck OK, diff=27084786
2026-02-21 17:34:37,377 [DEBUG] Trouvé [FinishedPointer] confiance=0.90 pos=(767,206)
2026-02-21 17:34:37,379 [INFO] Clic: FinishedPointer
2026-02-21 17:34:37,940 [DEBUG] Clic en (767, 206)
2026-02-21 17:34:37,940 [INFO] ✓ Combat terminé
2026-02-21 17:34:37,941 [INFO] Écran de résultats
2026-02-21 17:34:38,686 [DEBUG] Pas de TAP en attente
2026-02-21 17:34:38,688 [INFO] Attente: OkBattleButton
2026-02-21 17:34:40,127 [DEBUG] Trouvé [OkBattleButton] confiance=0.76 pos=(942,990)
2026-02-21 17:34:40,128 [INFO] Clic: OkBattleButton
2026-02-21 17:34:40,689 [DEBUG] Clic en (942, 990)
2026-02-21 17:34:40,689 [INFO] ✓ OkBattle étape 1
2026-02-21 17:34:41,432 [DEBUG] Pas de TAP en attente
2026-02-21 17:34:41,432 [INFO] Attente: OkBattleButton
2026-02-21 17:34:42,876 [DEBUG] Trouvé [OkBattleButton] confiance=0.79 pos=(1059,989)
2026-02-21 17:34:42,879 [INFO] Clic: OkBattleButton
2026-02-21 17:34:43,440 [DEBUG] Clic en (1059, 989)
2026-02-21 17:34:43,440 [INFO] ✓ OkBattle étape 2
2026-02-21 17:34:43,440 [INFO] Confirmation rejouer
2026-02-21 17:34:44,242 [INFO] Attente: YesButton
2026-02-21 17:34:44,493 [DEBUG] Trouvé [YesButton] confiance=0.97 pos=(1060,745)
2026-02-21 17:34:44,495 [INFO] Clic: YesButton
2026-02-21 17:34:45,051 [DEBUG] Clic en (1060, 745)
2026-02-21 17:34:45,051 [INFO] ✓ Rejouer confirmé
2026-02-21 17:34:45,052 [INFO] Vérif cinématique inter-niveau
2026-02-21 17:34:46,052 [INFO] Clic Skip en (1120, 70) [mode=absolute]
2026-02-21 17:34:50,487 [WARNING] [YesButton] non trouvé après 5 essais
2026-02-21 17:34:50,487 [INFO] ✓ Skip inter-niveau tenté
2026-02-21 17:34:50,487 [INFO] ✓ Combat géré, retour détection prochain niveau
2026-02-21 17:34:50,487 [INFO] ✓✓ Combat terminé | Combats: 2 | Total: 2
2026-02-21 17:34:50,989 [INFO] Détection type de niveau...
2026-02-21 17:34:50,989 [INFO] Détection du type de niveau en cours...
2026-02-21 17:34:51,225 [DEBUG] Trouvé [StartBattleButton] confiance=0.82 pos=(1081,904)
2026-02-21 17:34:51,226 [INFO] → COMBAT (StartBattleButton présent)
2026-02-21 17:34:51,226 [INFO] ★ Niveau COMBAT
2026-02-21 17:34:51,226 [INFO] ─── Gestion niveau COMBAT ───
2026-02-21 17:34:51,228 [INFO] Demo checkmark
2026-02-21 17:34:51,228 [INFO] Vérif Play Demo décochée...
2026-02-21 17:34:51,443 [DEBUG]   _find_best [DemoCheckmark] score=0.958
2026-02-21 17:34:51,609 [DEBUG]   _find_best [DemoChecked] score=1.000
2026-02-21 17:34:51,611 [DEBUG] → Gagnant: [DemoChecked] score=1.000
2026-02-21 17:34:51,614 [INFO] Play Demo cochée — clic pour décocher en (1078, 809)
2026-02-21 17:34:52,171 [DEBUG] Clic en (1078, 809)
2026-02-21 17:34:53,209 [DEBUG]   _find_best [DemoCheckmark] score=1.000
2026-02-21 17:34:53,495 [DEBUG]   _find_best [DemoChecked] score=0.957
2026-02-21 17:34:53,495 [DEBUG] → Gagnant: [DemoCheckmark] score=1.000
2026-02-21 17:34:53,497 [INFO] ✓ Play Demo décochée après clic
2026-02-21 17:34:53,497 [INFO] ✓ Demo décochée, lancement du combat
2026-02-21 17:34:53,497 [INFO] Attente StartBattle...
2026-02-21 17:34:53,497 [INFO] Attente: StartBattleButton
2026-02-21 17:34:53,731 [DEBUG] Trouvé [StartBattleButton] confiance=0.82 pos=(1081,904)
2026-02-21 17:34:53,734 [INFO] Clic: StartBattleButton
2026-02-21 17:34:54,294 [DEBUG] Clic en (1081, 904)
2026-02-21 17:34:54,294 [INFO] ✓ Combattre cliqué
2026-02-21 17:35:01,222 [WARNING] [YesButton] non trouvé après 8 essais
2026-02-21 17:35:01,222 [WARNING] YesButton non trouvé après StartBattle
2026-02-21 17:35:01,223 [INFO] Sélection équipe
2026-02-21 17:35:01,419 [DEBUG] Trouvé [LegendsPointer] confiance=0.87 pos=(1145,541)
2026-02-21 17:35:02,182 [DEBUG] Clic en (845, 631)
2026-02-21 17:35:02,182 [INFO] Perso 1 cliqué: (845, 631)
2026-02-21 17:35:02,739 [DEBUG] Clic en (945, 631)
2026-02-21 17:35:02,739 [INFO] Perso 2 cliqué: (945, 631)
2026-02-21 17:35:03,301 [DEBUG] Clic en (1045, 631)
2026-02-21 17:35:03,301 [INFO] Perso 3 cliqué: (1045, 631)
2026-02-21 17:35:03,301 [INFO] Attente: ReadyButton
2026-02-21 17:35:03,560 [DEBUG] Trouvé [ReadyButton] confiance=0.97 pos=(944,986)
2026-02-21 17:35:03,561 [INFO] Clic: ReadyButton
2026-02-21 17:35:04,119 [DEBUG] Clic en (944, 986)
2026-02-21 17:35:04,119 [INFO] ✓ Prêt
2026-02-21 17:35:10,642 [WARNING] [YesButton] non trouvé après 8 essais
2026-02-21 17:35:10,642 [WARNING] YesButton non trouvé après ReadyButton
2026-02-21 17:35:10,642 [INFO] Attente fin de combat...
2026-02-21 17:35:10,642 [INFO] Attente FinishedPointer...
2026-02-21 17:35:10,642 [INFO] Attente: FinishedPointer
2026-02-21 17:35:25,718 [DEBUG] Anti-stuck OK, diff=25176062
2026-02-21 17:36:25,807 [DEBUG] Anti-stuck OK, diff=34597490
2026-02-21 17:36:47,550 [DEBUG] Trouvé [FinishedPointer] confiance=0.90 pos=(767,206)
2026-02-21 17:36:47,552 [INFO] Clic: FinishedPointer
2026-02-21 17:36:48,108 [DEBUG] Clic en (767, 206)
2026-02-21 17:36:48,108 [INFO] ✓ Combat terminé
2026-02-21 17:36:48,108 [INFO] Écran de résultats
2026-02-21 17:36:48,854 [DEBUG] Pas de TAP en attente
2026-02-21 17:36:48,854 [INFO] Attente: OkBattleButton
2026-02-21 17:36:50,338 [DEBUG] Trouvé [OkBattleButton] confiance=0.79 pos=(942,989)
2026-02-21 17:36:50,343 [INFO] Clic: OkBattleButton
2026-02-21 17:36:50,900 [DEBUG] Clic en (942, 989)
2026-02-21 17:36:50,900 [INFO] ✓ OkBattle étape 1
2026-02-21 17:36:51,684 [DEBUG] Pas de TAP en attente
2026-02-21 17:36:51,686 [INFO] Attente: OkBattleButton
2026-02-21 17:36:53,144 [DEBUG] Trouvé [OkBattleButton] confiance=0.79 pos=(1059,989)
2026-02-21 17:36:53,148 [INFO] Clic: OkBattleButton
2026-02-21 17:36:53,716 [DEBUG] Clic en (1059, 989)
2026-02-21 17:36:53,716 [INFO] ✓ OkBattle étape 2
2026-02-21 17:36:53,716 [INFO] Confirmation rejouer
2026-02-21 17:36:54,517 [INFO] Attente: YesButton
2026-02-21 17:36:54,786 [DEBUG] Trouvé [YesButton] confiance=0.97 pos=(1060,745)
2026-02-21 17:36:54,789 [INFO] Clic: YesButton
2026-02-21 17:36:55,344 [DEBUG] Clic en (1060, 745)
2026-02-21 17:36:55,344 [INFO] ✓ Rejouer confirmé
2026-02-21 17:36:55,344 [INFO] Vérif cinématique inter-niveau
2026-02-21 17:36:56,345 [INFO] Clic Skip en (1120, 70) [mode=absolute]
2026-02-21 17:37:00,728 [WARNING] [YesButton] non trouvé après 5 essais
2026-02-21 17:37:00,728 [INFO] ✓ Skip inter-niveau tenté
2026-02-21 17:37:00,730 [INFO] ✓ Combat géré, retour détection prochain niveau
2026-02-21 17:37:00,730 [INFO] ✓✓ Combat terminé | Combats: 3 | Total: 3
2026-02-21 17:37:01,231 [INFO] Détection type de niveau...
2026-02-21 17:37:01,231 [INFO] Détection du type de niveau en cours...
2026-02-21 17:37:01,473 [DEBUG] Trouvé [StartBattleButton] confiance=0.82 pos=(1081,904)
2026-02-21 17:37:01,475 [INFO] → COMBAT (StartBattleButton présent)
2026-02-21 17:37:01,477 [INFO] ★ Niveau COMBAT
2026-02-21 17:37:01,477 [INFO] ─── Gestion niveau COMBAT ───
2026-02-21 17:37:01,477 [INFO] Demo checkmark
2026-02-21 17:37:01,477 [INFO] Vérif Play Demo décochée...
2026-02-21 17:37:01,692 [DEBUG]   _find_best [DemoCheckmark] score=0.958
2026-02-21 17:37:01,870 [DEBUG]   _find_best [DemoChecked] score=1.000
2026-02-21 17:37:01,870 [DEBUG] → Gagnant: [DemoChecked] score=1.000
2026-02-21 17:37:01,871 [INFO] Play Demo cochée — clic pour décocher en (1078, 809)
2026-02-21 17:37:02,433 [DEBUG] Clic en (1078, 809)
2026-02-21 17:37:03,442 [DEBUG]   _find_best [DemoCheckmark] score=0.999
2026-02-21 17:37:03,625 [DEBUG]   _find_best [DemoChecked] score=0.957
2026-02-21 17:37:03,625 [DEBUG] → Gagnant: [DemoCheckmark] score=0.999
2026-02-21 17:37:03,626 [INFO] ✓ Play Demo décochée après clic
2026-02-21 17:37:03,626 [INFO] ✓ Demo décochée, lancement du combat
2026-02-21 17:37:03,627 [INFO] Attente StartBattle...
2026-02-21 17:37:03,627 [INFO] Attente: StartBattleButton
2026-02-21 17:37:03,859 [DEBUG] Trouvé [StartBattleButton] confiance=0.82 pos=(1081,904)
2026-02-21 17:37:03,862 [INFO] Clic: StartBattleButton
2026-02-21 17:37:04,419 [DEBUG] Clic en (1081, 904)
2026-02-21 17:37:04,419 [INFO] ✓ Combattre cliqué
2026-02-21 17:37:11,496 [WARNING] [YesButton] non trouvé après 8 essais
2026-02-21 17:37:11,496 [WARNING] YesButton non trouvé après StartBattle
2026-02-21 17:37:11,496 [INFO] Sélection équipe
2026-02-21 17:37:11,695 [DEBUG] Trouvé [LegendsPointer] confiance=0.87 pos=(1145,541)
2026-02-21 17:37:12,454 [DEBUG] Clic en (845, 631)
2026-02-21 17:37:12,454 [INFO] Perso 1 cliqué: (845, 631)
2026-02-21 17:37:13,010 [DEBUG] Clic en (945, 631)
2026-02-21 17:37:13,010 [INFO] Perso 2 cliqué: (945, 631)
2026-02-21 17:37:13,566 [DEBUG] Clic en (1045, 631)
2026-02-21 17:37:13,566 [INFO] Perso 3 cliqué: (1045, 631)
2026-02-21 17:37:13,567 [INFO] Attente: ReadyButton
2026-02-21 17:37:13,829 [DEBUG] Trouvé [ReadyButton] confiance=0.97 pos=(944,986)
2026-02-21 17:37:13,832 [INFO] Clic: ReadyButton
2026-02-21 17:37:14,391 [DEBUG] Clic en (944, 986)
2026-02-21 17:37:14,391 [INFO] ✓ Prêt
2026-02-21 17:37:20,893 [WARNING] [YesButton] non trouvé après 8 essais
2026-02-21 17:37:20,893 [WARNING] YesButton non trouvé après ReadyButton
2026-02-21 17:37:20,894 [INFO] Attente fin de combat...
2026-02-21 17:37:20,894 [INFO] Attente FinishedPointer...
2026-02-21 17:37:20,894 [INFO] Attente: FinishedPointer
2026-02-21 17:37:25,894 [DEBUG] Anti-stuck OK, diff=34590281
2026-02-21 17:38:25,983 [DEBUG] Anti-stuck OK, diff=36710589
2026-02-21 17:39:26,076 [DEBUG] Anti-stuck OK, diff=97721957
2026-02-21 17:39:33,757 [DEBUG] Trouvé [FinishedPointer] confiance=0.90 pos=(767,206)
2026-02-21 17:39:33,760 [INFO] Clic: FinishedPointer
2026-02-21 17:39:34,316 [DEBUG] Clic en (767, 206)
2026-02-21 17:39:34,316 [INFO] ✓ Combat terminé
2026-02-21 17:39:34,316 [INFO] Écran de résultats
2026-02-21 17:39:35,075 [DEBUG] Pas de TAP en attente
2026-02-21 17:39:35,078 [INFO] Attente: OkBattleButton
2026-02-21 17:39:36,538 [DEBUG] Trouvé [OkBattleButton] confiance=0.79 pos=(942,989)
2026-02-21 17:39:36,540 [INFO] Clic: OkBattleButton
2026-02-21 17:39:37,100 [DEBUG] Clic en (942, 989)
2026-02-21 17:39:37,100 [INFO] ✓ OkBattle étape 1
2026-02-21 17:39:37,844 [DEBUG] Pas de TAP en attente
2026-02-21 17:39:37,845 [INFO] Attente: OkBattleButton
2026-02-21 17:39:38,068 [DEBUG] Trouvé [OkBattleButton] confiance=0.79 pos=(1059,989)
2026-02-21 17:39:38,071 [INFO] Clic: OkBattleButton
2026-02-21 17:39:38,631 [DEBUG] Clic en (1059, 989)
2026-02-21 17:39:38,631 [INFO] ✓ OkBattle étape 2
2026-02-21 17:39:38,631 [INFO] Confirmation rejouer
2026-02-21 17:39:39,432 [INFO] Attente: YesButton
2026-02-21 17:39:39,685 [DEBUG] Trouvé [YesButton] confiance=0.97 pos=(1060,745)
2026-02-21 17:39:39,688 [INFO] Clic: YesButton
2026-02-21 17:39:40,247 [DEBUG] Clic en (1060, 745)
2026-02-21 17:39:40,247 [INFO] ✓ Rejouer confirmé
2026-02-21 17:39:40,248 [INFO] Vérif cinématique inter-niveau
2026-02-21 17:39:41,248 [INFO] Clic Skip en (1120, 70) [mode=absolute]
2026-02-21 17:39:45,726 [WARNING] [YesButton] non trouvé après 5 essais
2026-02-21 17:39:45,726 [INFO] ✓ Skip inter-niveau tenté
2026-02-21 17:39:45,727 [INFO] ✓ Combat géré, retour détection prochain niveau
2026-02-21 17:39:45,728 [INFO] ✓✓ Combat terminé | Combats: 4 | Total: 4
2026-02-21 17:39:46,228 [INFO] Détection type de niveau...
2026-02-21 17:39:46,228 [INFO] Détection du type de niveau en cours...
2026-02-21 17:39:46,461 [DEBUG] Trouvé [StartBattleButton] confiance=0.82 pos=(1081,904)
2026-02-21 17:39:46,463 [INFO] → COMBAT (StartBattleButton présent)
2026-02-21 17:39:46,463 [INFO] ★ Niveau COMBAT
2026-02-21 17:39:46,465 [INFO] ─── Gestion niveau COMBAT ───
2026-02-21 17:39:46,465 [INFO] Demo checkmark
2026-02-21 17:39:46,468 [INFO] Vérif Play Demo décochée...
2026-02-21 17:39:46,688 [DEBUG]   _find_best [DemoCheckmark] score=0.958
2026-02-21 17:39:46,868 [DEBUG]   _find_best [DemoChecked] score=1.000
2026-02-21 17:39:46,868 [DEBUG] → Gagnant: [DemoChecked] score=1.000
2026-02-21 17:39:46,871 [INFO] Play Demo cochée — clic pour décocher en (1078, 809)
2026-02-21 17:39:47,426 [DEBUG] Clic en (1078, 809)
2026-02-21 17:39:48,449 [DEBUG]   _find_best [DemoCheckmark] score=1.000
2026-02-21 17:39:48,621 [DEBUG]   _find_best [DemoChecked] score=0.958
2026-02-21 17:39:48,621 [DEBUG] → Gagnant: [DemoCheckmark] score=1.000
2026-02-21 17:39:48,624 [INFO] ✓ Play Demo décochée après clic
2026-02-21 17:39:48,624 [INFO] ✓ Demo décochée, lancement du combat
2026-02-21 17:39:48,626 [INFO] Attente StartBattle...
2026-02-21 17:39:48,626 [INFO] Attente: StartBattleButton
2026-02-21 17:39:48,860 [DEBUG] Trouvé [StartBattleButton] confiance=0.82 pos=(1081,904)
2026-02-21 17:39:48,864 [INFO] Clic: StartBattleButton
2026-02-21 17:39:49,419 [DEBUG] Clic en (1081, 904)
2026-02-21 17:39:49,419 [INFO] ✓ Combattre cliqué
2026-02-21 17:39:56,318 [WARNING] [YesButton] non trouvé après 8 essais
2026-02-21 17:39:56,318 [WARNING] YesButton non trouvé après StartBattle
2026-02-21 17:39:56,319 [INFO] Sélection équipe
2026-02-21 17:39:56,510 [DEBUG] Trouvé [LegendsPointer] confiance=0.87 pos=(1145,541)
2026-02-21 17:39:57,273 [DEBUG] Clic en (845, 631)
2026-02-21 17:39:57,273 [INFO] Perso 1 cliqué: (845, 631)
2026-02-21 17:39:57,828 [DEBUG] Clic en (945, 631)
2026-02-21 17:39:57,828 [INFO] Perso 2 cliqué: (945, 631)
2026-02-21 17:39:58,386 [DEBUG] Clic en (1045, 631)
2026-02-21 17:39:58,386 [INFO] Perso 3 cliqué: (1045, 631)
2026-02-21 17:39:58,386 [INFO] Attente: ReadyButton
2026-02-21 17:39:58,641 [DEBUG] Trouvé [ReadyButton] confiance=0.97 pos=(944,986)
2026-02-21 17:39:58,643 [INFO] Clic: ReadyButton
2026-02-21 17:39:59,205 [DEBUG] Clic en (944, 986)
2026-02-21 17:39:59,205 [INFO] ✓ Prêt
2026-02-21 17:40:05,866 [WARNING] [YesButton] non trouvé après 8 essais
2026-02-21 17:40:05,866 [WARNING] YesButton non trouvé après ReadyButton
2026-02-21 17:40:05,867 [INFO] Attente fin de combat...
2026-02-21 17:40:05,867 [INFO] Attente FinishedPointer...
2026-02-21 17:40:05,867 [INFO] Attente: FinishedPointer
2026-02-21 17:40:26,165 [DEBUG] Anti-stuck OK, diff=54787374
2026-02-21 17:41:26,259 [DEBUG] Anti-stuck OK, diff=43945149
2026-02-21 17:41:42,583 [DEBUG] Trouvé [FinishedPointer] confiance=0.90 pos=(767,206)
2026-02-21 17:41:42,583 [INFO] Clic: FinishedPointer
2026-02-21 17:41:43,143 [DEBUG] Clic en (767, 206)
2026-02-21 17:41:43,143 [INFO] ✓ Combat terminé
2026-02-21 17:41:43,144 [INFO] Écran de résultats
2026-02-21 17:41:43,894 [DEBUG] Pas de TAP en attente
2026-02-21 17:41:43,894 [INFO] Attente: OkBattleButton
2026-02-21 17:41:45,349 [DEBUG] Trouvé [OkBattleButton] confiance=0.79 pos=(942,989)
2026-02-21 17:41:45,353 [INFO] Clic: OkBattleButton
2026-02-21 17:41:45,914 [DEBUG] Clic en (942, 989)
2026-02-21 17:41:45,914 [INFO] ✓ OkBattle étape 1
2026-02-21 17:41:46,670 [DEBUG] Pas de TAP en attente
2026-02-21 17:41:46,670 [INFO] Attente: OkBattleButton
2026-02-21 17:41:48,134 [DEBUG] Trouvé [OkBattleButton] confiance=0.78 pos=(1059,989)
2026-02-21 17:41:48,138 [INFO] Clic: OkBattleButton
2026-02-21 17:41:48,699 [DEBUG] Clic en (1059, 989)
2026-02-21 17:41:48,699 [INFO] ✓ OkBattle étape 2
2026-02-21 17:41:48,700 [INFO] Confirmation rejouer
2026-02-21 17:41:49,500 [INFO] Attente: YesButton
2026-02-21 17:41:49,774 [DEBUG] Trouvé [YesButton] confiance=0.97 pos=(1060,745)
2026-02-21 17:41:49,778 [INFO] Clic: YesButton
2026-02-21 17:41:50,338 [DEBUG] Clic en (1060, 745)
2026-02-21 17:41:50,338 [INFO] ✓ Rejouer confirmé
2026-02-21 17:41:50,339 [INFO] Vérif cinématique inter-niveau
2026-02-21 17:41:51,339 [INFO] Clic Skip en (1120, 70) [mode=absolute]
2026-02-21 17:41:55,902 [WARNING] [YesButton] non trouvé après 5 essais
2026-02-21 17:41:55,902 [INFO] ✓ Skip inter-niveau tenté
2026-02-21 17:41:55,902 [INFO] ✓ Combat géré, retour détection prochain niveau
2026-02-21 17:41:55,902 [INFO] ✓✓ Combat terminé | Combats: 5 | Total: 5
2026-02-21 17:41:56,404 [INFO] Détection type de niveau...
2026-02-21 17:41:56,404 [INFO] Détection du type de niveau en cours...
2026-02-21 17:42:03,098 [DEBUG] Trouvé [StorySlide] confiance=0.79 pos=(942,64)
2026-02-21 17:42:03,101 [INFO] → CINEMATIQUE (StorySlide présent)
2026-02-21 17:42:03,101 [INFO] ★ Niveau CINÉMATIQUE
2026-02-21 17:42:03,102 [INFO] ─── Gestion niveau CINEMATIQUE ───
2026-02-21 17:42:03,102 [INFO] Skip cinématique
2026-02-21 17:42:03,102 [INFO] Clic Skip en (1120, 70) [mode=absolute]
2026-02-21 17:42:03,664 [INFO] ✓ Skip cliqué (coordonnées fixes)
2026-02-21 17:42:10,853 [WARNING] [YesButton] non trouvé après 10 essais
2026-02-21 17:42:10,853 [INFO] ✓ Skip confirmé
2026-02-21 17:42:10,853 [INFO] Passage niveau suivant
2026-02-21 17:42:10,853 [INFO] Attente: YesButton
