2026-02-21 07:43:46,984 [INFO] Config chargee depuis config.json
2026-02-21 07:43:46,987 [DEBUG] Image chargée: StoryButton (story.png)
2026-02-21 07:43:46,988 [DEBUG] Image chargée: ContinueButton (continue.png)
2026-02-21 07:43:46,989 [DEBUG] Image chargée: MissionObject (mission.png)
2026-02-21 07:43:46,991 [DEBUG] Image chargée: DemoCheckmark (demo.png)
2026-02-21 07:43:46,991 [DEBUG] Image chargée: DemoChecked (demo_checked.png)
2026-02-21 07:43:46,992 [DEBUG] Image chargée: StartBattleButton (startbattle.png)
2026-02-21 07:43:46,992 [DEBUG] Image chargée: YesButton (yes.png)
2026-02-21 07:43:46,992 [DEBUG] Image chargée: NoButton (no.png)
2026-02-21 07:43:46,994 [DEBUG] Image chargée: LegendsPointer (legendspointer.png)
2026-02-21 07:43:46,994 [DEBUG] Image chargée: ReadyButton (ready.png)
2026-02-21 07:43:46,995 [DEBUG] Image chargée: FinishedPointer (finishedpointer.png)
2026-02-21 07:43:46,995 [DEBUG] Image chargée: TapArrow (tap.png)
2026-02-21 07:43:46,995 [DEBUG] Image chargée: OkBattleButton (okbattle.png)
2026-02-21 07:43:46,997 [DEBUG] Image chargée: SkipButton (skip.png)
2026-02-21 07:43:46,997 [DEBUG] Image chargée: StorySlide (storyslide.png)
2026-02-21 07:43:46,999 [WARNING] Images manquantes (2): ['ArrowObject', 'CloseButton']
2026-02-21 07:43:46,999 [WARNING] Mets ces images dans le dossier 'images/'
2026-02-21 07:43:46,999 [WARNING] Utilise l'outil de capture: python capture.py
2026-02-21 07:43:46,999 [INFO] Recherche de la fenetre: 'BlueStacks App Player'
2026-02-21 07:43:47,000 [INFO] Fenetre trouvée: Bluestacks App Player | Pos: (0,0) Taille: 1920x1032
2026-02-21 07:43:47,130 [INFO] DBFarmer initialisé avec succès
2026-02-21 07:43:47,133 [INFO] =======================================================
2026-02-21 07:43:47,133 [INFO]   SETUP INITIAL
2026-02-21 07:43:47,135 [INFO] =======================================================
2026-02-21 07:43:47,138 [INFO] Attente: StoryButton
2026-02-21 07:43:47,479 [DEBUG] Trouvé [StoryButton] confiance=0.95 pos=(795,795)
2026-02-21 07:43:47,482 [INFO] Clic: StoryButton
2026-02-21 07:43:48,044 [DEBUG] Clic en (795, 795)
2026-02-21 07:43:48,044 [INFO] ✓ Histoire sélectionnée
2026-02-21 07:43:48,044 [INFO] Attente: ContinueButton
2026-02-21 07:43:49,536 [DEBUG] Trouvé [ContinueButton] confiance=0.76 pos=(1116,819)
2026-02-21 07:43:49,539 [INFO] Clic: ContinueButton
2026-02-21 07:43:50,099 [DEBUG] Clic en (1116, 819)
2026-02-21 07:43:50,099 [INFO] ✓ Continuer cliqué
2026-02-21 07:43:52,002 [INFO] Anti-stuck démarré (thread background)
2026-02-21 07:43:53,921 [WARNING] [YesButton] non trouvé après 5 essais
2026-02-21 07:43:53,921 [INFO] ✓ Setup terminé - la boucle prend le relais
2026-02-21 07:43:53,921 [INFO] =======================================================
2026-02-21 07:43:53,921 [INFO]   BOUCLE DE FARMING DÉMARRÉE
2026-02-21 07:43:53,921 [INFO] =======================================================
2026-02-21 07:43:53,921 [INFO] Détection type de niveau...
2026-02-21 07:43:53,923 [INFO] Détection du type de niveau en cours...
2026-02-21 07:43:54,137 [DEBUG] Trouvé [DemoCheckmark] confiance=0.98 pos=(1081,809)
2026-02-21 07:43:54,141 [INFO] → COMBAT (DemoCheckmark présent)
2026-02-21 07:43:54,141 [INFO] ★ Niveau COMBAT
2026-02-21 07:43:54,141 [INFO] ─── Gestion niveau COMBAT ───
2026-02-21 07:43:54,141 [INFO] Demo checkmark
2026-02-21 07:43:54,141 [INFO] Vérification Demo décochée...
2026-02-21 07:43:54,355 [DEBUG] Trouvé [DemoCheckmark] confiance=0.98 pos=(1081,809)
2026-02-21 07:43:54,357 [INFO] ✓ Demo bien décochée, prêt à lancer
2026-02-21 07:43:54,358 [INFO] ✓ Demo décochée, lancement du combat
2026-02-21 07:43:54,359 [INFO] Attente StartBattle...
2026-02-21 07:43:54,359 [INFO] Attente: StartBattleButton
2026-02-21 07:43:54,587 [DEBUG] Trouvé [StartBattleButton] confiance=0.82 pos=(1081,904)
2026-02-21 07:43:54,589 [INFO] Clic: StartBattleButton
2026-02-21 07:43:55,146 [DEBUG] Clic en (1081, 904)
2026-02-21 07:43:55,146 [INFO] ✓ Combattre cliqué
2026-02-21 07:44:02,080 [WARNING] [YesButton] non trouvé après 8 essais
2026-02-21 07:44:02,080 [WARNING] YesButton non trouvé après StartBattle
2026-02-21 07:44:02,080 [INFO] Sélection équipe
2026-02-21 07:44:30,249 [DEBUG] Trouvé [LegendsPointer] confiance=1.00 pos=(463,562)
2026-02-21 07:44:31,008 [DEBUG] Clic en (163, 652)
2026-02-21 07:44:31,008 [INFO] Perso 1 cliqué: (163, 652)
2026-02-21 07:44:31,569 [DEBUG] Clic en (263, 652)
