2026-02-21 07:38:44,428 [INFO] Config chargee depuis config.json
2026-02-21 07:38:44,429 [DEBUG] Image chargée: StoryButton (story.png)
2026-02-21 07:38:44,431 [DEBUG] Image chargée: ContinueButton (continue.png)
2026-02-21 07:38:44,431 [DEBUG] Image chargée: MissionObject (mission.png)
2026-02-21 07:38:44,432 [DEBUG] Image chargée: DemoCheckmark (demo.png)
2026-02-21 07:38:44,432 [DEBUG] Image chargée: DemoChecked (demo_checked.png)
2026-02-21 07:38:44,434 [DEBUG] Image chargée: StartBattleButton (startbattle.png)
2026-02-21 07:38:44,434 [DEBUG] Image chargée: YesButton (yes.png)
2026-02-21 07:38:44,435 [DEBUG] Image chargée: NoButton (no.png)
2026-02-21 07:38:44,437 [DEBUG] Image chargée: LegendsPointer (legendspointer.png)
2026-02-21 07:38:44,437 [DEBUG] Image chargée: ReadyButton (ready.png)
2026-02-21 07:38:44,438 [DEBUG] Image chargée: FinishedPointer (finishedpointer.png)
2026-02-21 07:38:44,438 [DEBUG] Image chargée: TapArrow (tap.png)
2026-02-21 07:38:44,439 [DEBUG] Image chargée: OkBattleButton (okbattle.png)
2026-02-21 07:38:44,439 [DEBUG] Image chargée: SkipButton (skip.png)
2026-02-21 07:38:44,441 [DEBUG] Image chargée: StorySlide (storyslide.png)
2026-02-21 07:38:44,443 [WARNING] Images manquantes (2): ['ArrowObject', 'CloseButton']
2026-02-21 07:38:44,443 [WARNING] Mets ces images dans le dossier 'images/'
2026-02-21 07:38:44,444 [WARNING] Utilise l'outil de capture: python capture.py
2026-02-21 07:38:44,444 [INFO] Recherche de la fenetre: 'BlueStacks App Player'
2026-02-21 07:38:44,445 [INFO] Fenetre trouvée: Bluestacks App Player | Pos: (0,0) Taille: 1920x1032
2026-02-21 07:38:44,576 [INFO] DBFarmer initialisé avec succès
2026-02-21 07:38:44,577 [INFO] =======================================================
2026-02-21 07:38:44,579 [INFO]   SETUP INITIAL
2026-02-21 07:38:44,584 [INFO] =======================================================
2026-02-21 07:38:44,584 [INFO] Attente: StoryButton
2026-02-21 07:38:44,940 [DEBUG] Trouvé [StoryButton] confiance=0.94 pos=(795,795)
2026-02-21 07:38:44,941 [INFO] Clic: StoryButton
2026-02-21 07:38:45,502 [DEBUG] Clic en (795, 795)
2026-02-21 07:38:45,502 [INFO] ✓ Histoire sélectionnée
2026-02-21 07:38:45,502 [INFO] Attente: ContinueButton
2026-02-21 07:38:47,035 [DEBUG] Trouvé [ContinueButton] confiance=0.76 pos=(1116,819)
2026-02-21 07:38:47,037 [INFO] Clic: ContinueButton
2026-02-21 07:38:47,592 [DEBUG] Clic en (1116, 819)
2026-02-21 07:38:47,592 [INFO] ✓ Continuer cliqué
2026-02-21 07:38:49,453 [INFO] Anti-stuck démarré (thread background)
2026-02-21 07:38:51,442 [WARNING] [YesButton] non trouvé après 5 essais
2026-02-21 07:38:51,442 [INFO] ✓ Setup terminé - la boucle prend le relais
2026-02-21 07:38:51,443 [INFO] =======================================================
2026-02-21 07:38:51,443 [INFO]   BOUCLE DE FARMING DÉMARRÉE
2026-02-21 07:38:51,443 [INFO] =======================================================
2026-02-21 07:38:51,444 [INFO] Détection type de niveau...
2026-02-21 07:38:51,444 [INFO] Détection du type de niveau en cours...
2026-02-21 07:38:51,655 [DEBUG] Trouvé [DemoCheckmark] confiance=0.97 pos=(1080,810)
2026-02-21 07:38:51,658 [INFO] → COMBAT (DemoCheckmark présent)
2026-02-21 07:38:51,658 [INFO] ★ Niveau COMBAT
2026-02-21 07:38:51,658 [INFO] ─── Gestion niveau COMBAT ───
2026-02-21 07:38:51,658 [INFO] Demo checkmark
2026-02-21 07:38:51,658 [INFO] Clic Demo checkmark...
2026-02-21 07:38:51,875 [DEBUG] Trouvé [DemoChecked] confiance=1.00 pos=(1081,810)
2026-02-21 07:38:51,879 [INFO] ✓ Demo déjà cochée
2026-02-21 07:38:51,879 [INFO] ✓ Demo checkmark cochée
2026-02-21 07:38:51,879 [INFO] Attente StartBattle...
2026-02-21 07:38:51,880 [INFO] Attente: StartBattleButton
2026-02-21 07:38:52,155 [DEBUG] Trouvé [StartBattleButton] confiance=0.82 pos=(1081,904)
2026-02-21 07:38:52,159 [INFO] Clic: StartBattleButton
2026-02-21 07:38:52,716 [DEBUG] Clic en (1081, 904)
2026-02-21 07:38:52,716 [INFO] ✓ Combattre cliqué
2026-02-21 07:38:59,630 [WARNING] [YesButton] non trouvé après 8 essais
2026-02-21 07:38:59,630 [WARNING] YesButton non trouvé après StartBattle
2026-02-21 07:38:59,630 [INFO] Sélection équipe
