2026-02-22 02:15:27,615 [INFO] Config chargee depuis config.json
2026-02-22 02:15:27,618 [DEBUG] Image chargée: StoryButton (story.png)
2026-02-22 02:15:27,619 [DEBUG] Image chargée: ContinueButton (continue.png)
2026-02-22 02:15:27,620 [DEBUG] Image chargée: MissionObject (mission.png)
2026-02-22 02:15:27,620 [DEBUG] Image chargée: DemoCheckmark (demo.png)
2026-02-22 02:15:27,622 [DEBUG] Image chargée: DemoChecked (demo_checked.png)
2026-02-22 02:15:27,623 [DEBUG] Image chargée: StartBattleButton (startbattle.png)
2026-02-22 02:15:27,623 [DEBUG] Image chargée: YesButton (yes.png)
2026-02-22 02:15:27,625 [DEBUG] Image chargée: NoButton (no.png)
2026-02-22 02:15:27,625 [DEBUG] Image chargée: LegendsPointer (legendspointer.png)
2026-02-22 02:15:27,626 [DEBUG] Image chargée: ReadyButton (ready.png)
2026-02-22 02:15:27,626 [DEBUG] Image chargée: FinishedPointer (finishedpointer.png)
2026-02-22 02:15:27,627 [DEBUG] Image chargée: TapArrow (tap.png)
2026-02-22 02:15:27,629 [DEBUG] Image chargée: OkBattleButton (okbattle.png)
2026-02-22 02:15:27,629 [DEBUG] Image chargée: SkipButton (skip.png)
2026-02-22 02:15:27,631 [DEBUG] Image chargée: StorySlide (storyslide.png)
2026-02-22 02:15:27,631 [DEBUG] Image chargée: BackButton (back.png)
2026-02-22 02:15:27,633 [DEBUG] Image chargée: HomeButton (home.png)
2026-02-22 02:15:27,633 [WARNING] Images manquantes (2): ['ArrowObject', 'CloseButton']
2026-02-22 02:15:27,633 [WARNING] Mets ces images dans le dossier 'images/'
2026-02-22 02:15:27,633 [WARNING] Utilise l'outil de capture: python capture.py
2026-02-22 02:15:27,633 [INFO] Recherche de la fenetre: 'BlueStacks App Player'
2026-02-22 02:15:27,636 [INFO] Fenetre trouvée: Bluestacks App Player | Pos: (0,0) Taille: 1920x1032
2026-02-22 02:15:27,783 [INFO] DBFarmer initialisé avec succès
2026-02-22 02:15:27,787 [INFO] =======================================================
2026-02-22 02:15:27,790 [INFO]   SETUP INITIAL
2026-02-22 02:15:27,790 [INFO] =======================================================
2026-02-22 02:15:27,801 [INFO] Attente: StoryButton
2026-02-22 02:15:29,237 [DEBUG] Trouvé [StoryButton] confiance=0.86 pos=(795,795)
2026-02-22 02:15:29,601 [DEBUG] Trouvé [StoryButton] confiance=0.86 pos=(795,795)
2026-02-22 02:15:30,160 [DEBUG] Clic en (795, 795)
2026-02-22 02:15:30,160 [INFO] ✓ Histoire sélectionnée
2026-02-22 02:15:30,160 [INFO] Attente: ContinueButton
2026-02-22 02:15:31,231 [DEBUG] Trouvé [ContinueButton] confiance=0.76 pos=(1121,819)
2026-02-22 02:15:31,515 [DEBUG] Trouvé [ContinueButton] confiance=0.76 pos=(1116,819)
2026-02-22 02:15:32,076 [DEBUG] Clic en (1116, 819)
2026-02-22 02:15:32,076 [INFO] ✓ Continuer cliqué
2026-02-22 02:15:32,639 [INFO] Anti-stuck démarré (thread background)
2026-02-22 02:15:35,975 [WARNING] [YesButton] non trouvé après 5 essais
2026-02-22 02:15:35,976 [INFO] ✓ Setup terminé - la boucle prend le relais
2026-02-22 02:15:35,976 [INFO] =======================================================
2026-02-22 02:15:35,978 [INFO]   BOUCLE DE FARMING DÉMARRÉE
2026-02-22 02:15:35,978 [INFO] =======================================================
2026-02-22 02:15:35,978 [INFO] Détection type de niveau...
2026-02-22 02:15:35,978 [INFO] Détection du type de niveau en cours...
2026-02-22 02:15:50,733 [DEBUG] Trouvé [StorySlide] confiance=0.84 pos=(942,64)
2026-02-22 02:15:50,736 [INFO] → CINEMATIQUE (StorySlide présent)
2026-02-22 02:15:50,737 [INFO] ★ Niveau CINÉMATIQUE
2026-02-22 02:15:50,739 [INFO] ─── Gestion niveau CINEMATIQUE ───
2026-02-22 02:15:50,739 [INFO] Skip cinématique
2026-02-22 02:15:50,739 [INFO] Clic Skip en (1120, 70) [mode=absolute]
2026-02-22 02:15:51,296 [INFO] ✓ Skip cliqué (coordonnées fixes)
2026-02-22 02:15:51,797 [INFO] Attente: YesButton
2026-02-22 02:15:52,135 [DEBUG] Trouvé [YesButton] confiance=0.97 pos=(1060,745)
2026-02-22 02:15:52,139 [INFO] Clic: YesButton
2026-02-22 02:15:52,694 [DEBUG] Clic en (1060, 745)
2026-02-22 02:15:52,694 [INFO] ✓ Skip confirmé
2026-02-22 02:15:52,694 [INFO] ✓✓ Cinématique terminée | Total: 1
2026-02-22 02:15:53,195 [INFO] Détection type de niveau...
2026-02-22 02:15:53,195 [INFO] Détection du type de niveau en cours...
2026-02-22 02:15:54,520 [DEBUG] Trouvé [StartBattleButton] confiance=0.82 pos=(1081,904)
2026-02-22 02:15:54,525 [INFO] → COMBAT (StartBattleButton présent)
2026-02-22 02:15:54,525 [INFO] ★ Niveau COMBAT
2026-02-22 02:15:54,525 [INFO] ─── Gestion niveau COMBAT ───
2026-02-22 02:15:54,525 [INFO] Demo checkmark
2026-02-22 02:15:54,525 [INFO] Vérif Play Demo décochée...
2026-02-22 02:15:54,763 [DEBUG]   _find_best [DemoCheckmark] score=0.958
2026-02-22 02:15:54,958 [DEBUG]   _find_best [DemoChecked] score=1.000
2026-02-22 02:15:54,958 [DEBUG] → Gagnant: [DemoChecked] score=1.000
2026-02-22 02:15:54,961 [INFO] Play Demo cochée — clic pour décocher en (1078, 809)
2026-02-22 02:15:55,520 [DEBUG] Clic en (1078, 809)
2026-02-22 02:15:56,675 [DEBUG]   _find_best [DemoCheckmark] score=0.958
2026-02-22 02:15:56,962 [DEBUG]   _find_best [DemoChecked] score=1.000
2026-02-22 02:15:56,962 [DEBUG] → Gagnant: [DemoChecked] score=1.000
2026-02-22 02:15:56,965 [DEBUG] Encore état [DemoChecked], nouvel essai...
2026-02-22 02:15:57,249 [DEBUG]   _find_best [DemoCheckmark] score=0.958
2026-02-22 02:15:57,479 [DEBUG]   _find_best [DemoChecked] score=1.000
2026-02-22 02:15:57,479 [DEBUG] → Gagnant: [DemoChecked] score=1.000
2026-02-22 02:15:57,480 [INFO] Play Demo cochée — clic pour décocher en (1078, 809)
2026-02-22 02:15:58,040 [DEBUG] Clic en (1078, 809)
2026-02-22 02:15:59,092 [DEBUG]   _find_best [DemoCheckmark] score=1.000
2026-02-22 02:15:59,283 [DEBUG]   _find_best [DemoChecked] score=0.958
2026-02-22 02:15:59,283 [DEBUG] → Gagnant: [DemoCheckmark] score=1.000
2026-02-22 02:15:59,287 [INFO] ✓ Play Demo décochée après clic
2026-02-22 02:15:59,289 [INFO] ✓ Demo décochée, lancement du combat
2026-02-22 02:15:59,289 [INFO] Attente StartBattle...
2026-02-22 02:15:59,289 [INFO] Attente: StartBattleButton
2026-02-22 02:15:59,554 [DEBUG] Trouvé [StartBattleButton] confiance=0.82 pos=(1081,904)
2026-02-22 02:15:59,557 [INFO] Clic: StartBattleButton
2026-02-22 02:16:00,117 [DEBUG] Clic en (1081, 904)
2026-02-22 02:16:00,117 [INFO] ✓ Combattre cliqué
2026-02-22 02:16:07,188 [WARNING] [YesButton] non trouvé après 8 essais
2026-02-22 02:16:07,188 [WARNING] YesButton non trouvé après StartBattle
2026-02-22 02:16:07,188 [INFO] Sélection équipe
2026-02-22 02:16:07,409 [DEBUG] Trouvé [LegendsPointer] confiance=0.87 pos=(1145,541)
2026-02-22 02:16:08,173 [DEBUG] Clic en (845, 631)
2026-02-22 02:16:08,173 [INFO] Perso 1 cliqué: (845, 631)
2026-02-22 02:16:08,728 [DEBUG] Clic en (945, 631)
2026-02-22 02:16:08,728 [INFO] Perso 2 cliqué: (945, 631)
2026-02-22 02:16:09,290 [DEBUG] Clic en (1045, 631)
2026-02-22 02:16:09,290 [INFO] Perso 3 cliqué: (1045, 631)
2026-02-22 02:16:09,290 [INFO] Attente: ReadyButton
2026-02-22 02:16:09,567 [DEBUG] Trouvé [ReadyButton] confiance=0.97 pos=(944,986)
2026-02-22 02:16:09,569 [INFO] Clic: ReadyButton
2026-02-22 02:16:10,130 [DEBUG] Clic en (944, 986)
2026-02-22 02:16:10,130 [INFO] ✓ Prêt
2026-02-22 02:16:16,875 [WARNING] [YesButton] non trouvé après 8 essais
2026-02-22 02:16:16,876 [WARNING] YesButton non trouvé après ReadyButton
2026-02-22 02:16:16,877 [INFO] Attente fin de combat...
2026-02-22 02:16:16,877 [INFO] Attente FinishedPointer...
2026-02-22 02:16:32,732 [DEBUG] Anti-stuck en pause (combat en cours)
