2026-02-21 07:52:37,448 [INFO] Config chargee depuis config.json
2026-02-21 07:52:37,450 [DEBUG] Image chargée: StoryButton (story.png)
2026-02-21 07:52:37,451 [DEBUG] Image chargée: ContinueButton (continue.png)
2026-02-21 07:52:37,453 [DEBUG] Image chargée: MissionObject (mission.png)
2026-02-21 07:52:37,453 [DEBUG] Image chargée: DemoCheckmark (demo.png)
2026-02-21 07:52:37,453 [DEBUG] Image chargée: DemoChecked (demo_checked.png)
2026-02-21 07:52:37,455 [DEBUG] Image chargée: StartBattleButton (startbattle.png)
2026-02-21 07:52:37,455 [DEBUG] Image chargée: YesButton (yes.png)
2026-02-21 07:52:37,456 [DEBUG] Image chargée: NoButton (no.png)
2026-02-21 07:52:37,456 [DEBUG] Image chargée: LegendsPointer (legendspointer.png)
2026-02-21 07:52:37,456 [DEBUG] Image chargée: ReadyButton (ready.png)
2026-02-21 07:52:37,458 [DEBUG] Image chargée: FinishedPointer (finishedpointer.png)
2026-02-21 07:52:37,459 [DEBUG] Image chargée: TapArrow (tap.png)
2026-02-21 07:52:37,460 [DEBUG] Image chargée: OkBattleButton (okbattle.png)
2026-02-21 07:52:37,460 [DEBUG] Image chargée: SkipButton (skip.png)
2026-02-21 07:52:37,462 [DEBUG] Image chargée: StorySlide (storyslide.png)
2026-02-21 07:52:37,462 [WARNING] Images manquantes (2): ['ArrowObject', 'CloseButton']
2026-02-21 07:52:37,462 [WARNING] Mets ces images dans le dossier 'images/'
2026-02-21 07:52:37,463 [WARNING] Utilise l'outil de capture: python capture.py
2026-02-21 07:52:37,463 [INFO] Recherche de la fenetre: 'BlueStacks App Player'
2026-02-21 07:52:37,464 [INFO] Fenetre trouvée: Bluestacks App Player | Pos: (0,0) Taille: 1920x1032
2026-02-21 07:52:37,617 [INFO] DBFarmer initialisé avec succès
2026-02-21 07:52:37,621 [INFO] =======================================================
2026-02-21 07:52:37,621 [INFO]   SETUP INITIAL
2026-02-21 07:52:37,621 [INFO] =======================================================
2026-02-21 07:52:37,623 [INFO] Attente: StoryButton
2026-02-21 07:52:39,405 [DEBUG] Trouvé [StoryButton] confiance=0.95 pos=(795,795)
2026-02-21 07:52:39,409 [INFO] Clic: StoryButton
2026-02-21 07:52:39,971 [DEBUG] Clic en (795, 795)
2026-02-21 07:52:39,971 [INFO] ✓ Histoire sélectionnée
2026-02-21 07:52:39,971 [INFO] Attente: ContinueButton
2026-02-21 07:52:41,463 [DEBUG] Trouvé [ContinueButton] confiance=0.76 pos=(1116,819)
2026-02-21 07:52:41,465 [INFO] Clic: ContinueButton
2026-02-21 07:52:42,026 [DEBUG] Clic en (1116, 819)
2026-02-21 07:52:42,026 [INFO] ✓ Continuer cliqué
2026-02-21 07:52:42,466 [INFO] Anti-stuck démarré (thread background)
2026-02-21 07:52:45,855 [WARNING] [YesButton] non trouvé après 5 essais
2026-02-21 07:52:45,857 [INFO] ✓ Setup terminé - la boucle prend le relais
2026-02-21 07:52:45,857 [INFO] =======================================================
2026-02-21 07:52:45,857 [INFO]   BOUCLE DE FARMING DÉMARRÉE
2026-02-21 07:52:45,857 [INFO] =======================================================
2026-02-21 07:52:45,857 [INFO] Détection type de niveau...
2026-02-21 07:52:45,857 [INFO] Détection du type de niveau en cours...
2026-02-21 07:52:46,081 [DEBUG] Trouvé [StartBattleButton] confiance=0.82 pos=(1081,904)
2026-02-21 07:52:46,082 [INFO] → COMBAT (StartBattleButton présent)
2026-02-21 07:52:46,082 [INFO] ★ Niveau COMBAT
2026-02-21 07:52:46,082 [INFO] ─── Gestion niveau COMBAT ───
2026-02-21 07:52:46,084 [INFO] Demo checkmark
2026-02-21 07:52:46,084 [INFO] Vérif Play Demo décochée...
2026-02-21 07:52:46,288 [DEBUG]   _find_best [DemoCheckmark] score=0.958
2026-02-21 07:52:46,447 [DEBUG]   _find_best [DemoChecked] score=1.000
2026-02-21 07:52:46,447 [DEBUG] → Gagnant: [DemoChecked] score=1.000
2026-02-21 07:52:46,450 [INFO] Play Demo cochée — clic pour décocher en (1078, 809)
2026-02-21 07:52:47,005 [DEBUG] Clic en (1078, 809)
2026-02-21 07:52:48,010 [DEBUG]   _find_best [DemoCheckmark] score=1.000
2026-02-21 07:52:48,172 [DEBUG]   _find_best [DemoChecked] score=0.958
2026-02-21 07:52:48,172 [DEBUG] → Gagnant: [DemoCheckmark] score=1.000
2026-02-21 07:52:48,174 [INFO] ✓ Play Demo décochée après clic
2026-02-21 07:52:48,174 [INFO] ✓ Demo décochée, lancement du combat
2026-02-21 07:52:48,174 [INFO] Attente StartBattle...
2026-02-21 07:52:48,175 [INFO] Attente: StartBattleButton
2026-02-21 07:52:48,394 [DEBUG] Trouvé [StartBattleButton] confiance=0.82 pos=(1081,904)
2026-02-21 07:52:48,398 [INFO] Clic: StartBattleButton
2026-02-21 07:52:48,955 [DEBUG] Clic en (1081, 904)
2026-02-21 07:52:48,957 [INFO] ✓ Combattre cliqué
2026-02-21 07:52:55,862 [WARNING] [YesButton] non trouvé après 8 essais
2026-02-21 07:52:55,862 [WARNING] YesButton non trouvé après StartBattle
2026-02-21 07:52:55,862 [INFO] Sélection équipe
2026-02-21 07:52:56,081 [DEBUG] Trouvé [LegendsPointer] confiance=0.87 pos=(1145,541)
2026-02-21 07:52:56,844 [DEBUG] Clic en (845, 631)
2026-02-21 07:52:56,844 [INFO] Perso 1 cliqué: (845, 631)
2026-02-21 07:52:57,399 [DEBUG] Clic en (945, 631)
2026-02-21 07:52:57,399 [INFO] Perso 2 cliqué: (945, 631)
2026-02-21 07:52:57,956 [DEBUG] Clic en (1045, 631)
2026-02-21 07:52:57,956 [INFO] Perso 3 cliqué: (1045, 631)
2026-02-21 07:52:57,956 [INFO] Attente: ReadyButton
2026-02-21 07:52:58,237 [DEBUG] Trouvé [ReadyButton] confiance=0.97 pos=(944,986)
2026-02-21 07:52:58,239 [INFO] Clic: ReadyButton
2026-02-21 07:52:58,796 [DEBUG] Clic en (944, 986)
2026-02-21 07:52:58,796 [INFO] ✓ Prêt
2026-02-21 07:53:05,468 [WARNING] [YesButton] non trouvé après 8 essais
2026-02-21 07:53:05,468 [WARNING] YesButton non trouvé après ReadyButton
2026-02-21 07:53:05,468 [INFO] Attente fin de combat...
2026-02-21 07:53:05,468 [INFO] Attente FinishedPointer...
2026-02-21 07:53:05,468 [INFO] Attente: FinishedPointer
2026-02-21 07:53:42,565 [DEBUG] Anti-stuck OK, diff=54144822
2026-02-21 07:54:22,134 [DEBUG] Trouvé [FinishedPointer] confiance=0.90 pos=(767,206)
2026-02-21 07:54:22,138 [INFO] Clic: FinishedPointer
2026-02-21 07:54:22,695 [DEBUG] Clic en (767, 206)
2026-02-21 07:54:22,695 [INFO] ✓ Combat terminé
2026-02-21 07:54:22,695 [INFO] Écran de résultats
2026-02-21 07:54:23,440 [INFO] Attente: OkBattleButton
2026-02-21 07:54:24,915 [DEBUG] Trouvé [OkBattleButton] confiance=0.79 pos=(942,989)
2026-02-21 07:54:24,917 [INFO] Clic: OkBattleButton
2026-02-21 07:54:25,472 [DEBUG] Clic en (942, 989)
2026-02-21 07:54:25,472 [INFO] ✓ OkBattle étape 1
2026-02-21 07:54:26,241 [INFO] Attente: OkBattleButton
2026-02-21 07:54:27,717 [DEBUG] Trouvé [OkBattleButton] confiance=0.79 pos=(1059,989)
2026-02-21 07:54:27,719 [INFO] Clic: OkBattleButton
2026-02-21 07:54:28,278 [DEBUG] Clic en (1059, 989)
2026-02-21 07:54:28,278 [INFO] ✓ OkBattle étape 2
2026-02-21 07:54:28,278 [INFO] Confirmation rejouer
2026-02-21 07:54:29,079 [INFO] Attente: YesButton
2026-02-21 07:54:29,339 [DEBUG] Trouvé [YesButton] confiance=0.97 pos=(1060,745)
2026-02-21 07:54:29,341 [INFO] Clic: YesButton
2026-02-21 07:54:29,902 [DEBUG] Clic en (1060, 745)
2026-02-21 07:54:29,902 [INFO] ✓ Rejouer confirmé
2026-02-21 07:54:29,904 [INFO] Vérif cinématique inter-niveau
2026-02-21 07:54:31,121 [INFO] Pas de cinématique inter-niveau
2026-02-21 07:54:31,121 [INFO] ✓ Combat géré, retour détection prochain niveau
2026-02-21 07:54:31,123 [INFO] ✓✓ Combat terminé | Combats: 1 | Total: 1
2026-02-21 07:54:31,623 [INFO] Détection type de niveau...
2026-02-21 07:54:31,623 [INFO] Détection du type de niveau en cours...
2026-02-21 07:54:31,841 [DEBUG] Trouvé [StartBattleButton] confiance=0.82 pos=(1081,904)
2026-02-21 07:54:31,843 [INFO] → COMBAT (StartBattleButton présent)
2026-02-21 07:54:31,843 [INFO] ★ Niveau COMBAT
2026-02-21 07:54:31,843 [INFO] ─── Gestion niveau COMBAT ───
2026-02-21 07:54:31,843 [INFO] Demo checkmark
2026-02-21 07:54:31,843 [INFO] Vérif Play Demo décochée...
2026-02-21 07:54:32,054 [DEBUG]   _find_best [DemoCheckmark] score=0.958
2026-02-21 07:54:32,212 [DEBUG]   _find_best [DemoChecked] score=1.000
2026-02-21 07:54:32,212 [DEBUG] → Gagnant: [DemoChecked] score=1.000
2026-02-21 07:54:32,215 [INFO] Play Demo cochée — clic pour décocher en (1078, 809)
2026-02-21 07:54:32,771 [DEBUG] Clic en (1078, 809)
2026-02-21 07:54:33,784 [DEBUG]   _find_best [DemoCheckmark] score=0.958
2026-02-21 07:54:33,962 [DEBUG]   _find_best [DemoChecked] score=1.000
2026-02-21 07:54:33,962 [DEBUG] → Gagnant: [DemoChecked] score=1.000
2026-02-21 07:54:33,966 [DEBUG] Encore état [DemoChecked], nouvel essai...
2026-02-21 07:54:34,187 [DEBUG]   _find_best [DemoCheckmark] score=0.958
2026-02-21 07:54:34,362 [DEBUG]   _find_best [DemoChecked] score=1.000
2026-02-21 07:54:34,362 [DEBUG] → Gagnant: [DemoChecked] score=1.000
2026-02-21 07:54:34,364 [INFO] Play Demo cochée — clic pour décocher en (1078, 809)
2026-02-21 07:54:34,924 [DEBUG] Clic en (1078, 809)
2026-02-21 07:54:35,938 [DEBUG]   _find_best [DemoCheckmark] score=1.000
2026-02-21 07:54:36,112 [DEBUG]   _find_best [DemoChecked] score=0.958
2026-02-21 07:54:36,112 [DEBUG] → Gagnant: [DemoCheckmark] score=1.000
2026-02-21 07:54:36,115 [INFO] ✓ Play Demo décochée après clic
2026-02-21 07:54:36,115 [INFO] ✓ Demo décochée, lancement du combat
2026-02-21 07:54:36,115 [INFO] Attente StartBattle...
2026-02-21 07:54:36,115 [INFO] Attente: StartBattleButton
2026-02-21 07:54:36,331 [DEBUG] Trouvé [StartBattleButton] confiance=0.82 pos=(1081,904)
2026-02-21 07:54:36,332 [INFO] Clic: StartBattleButton
2026-02-21 07:54:36,888 [DEBUG] Clic en (1081, 904)
2026-02-21 07:54:36,888 [INFO] ✓ Combattre cliqué
2026-02-21 07:54:42,661 [DEBUG] Anti-stuck OK, diff=51526622
2026-02-21 07:54:43,799 [WARNING] [YesButton] non trouvé après 8 essais
2026-02-21 07:54:43,799 [WARNING] YesButton non trouvé après StartBattle
2026-02-21 07:54:43,799 [INFO] Sélection équipe
2026-02-21 07:54:44,009 [DEBUG] Trouvé [LegendsPointer] confiance=0.87 pos=(1145,541)
2026-02-21 07:54:44,770 [DEBUG] Clic en (845, 631)
2026-02-21 07:54:44,770 [INFO] Perso 1 cliqué: (845, 631)
2026-02-21 07:54:45,325 [DEBUG] Clic en (945, 631)
2026-02-21 07:54:45,325 [INFO] Perso 2 cliqué: (945, 631)
2026-02-21 07:54:45,880 [DEBUG] Clic en (1045, 631)
2026-02-21 07:54:45,880 [INFO] Perso 3 cliqué: (1045, 631)
2026-02-21 07:54:45,880 [INFO] Attente: ReadyButton
2026-02-21 07:54:46,148 [DEBUG] Trouvé [ReadyButton] confiance=0.97 pos=(944,986)
2026-02-21 07:54:46,148 [INFO] Clic: ReadyButton
2026-02-21 07:54:46,707 [DEBUG] Clic en (944, 986)
2026-02-21 07:54:46,707 [INFO] ✓ Prêt
2026-02-21 07:54:53,299 [WARNING] [YesButton] non trouvé après 8 essais
2026-02-21 07:54:53,299 [WARNING] YesButton non trouvé après ReadyButton
2026-02-21 07:54:53,300 [INFO] Attente fin de combat...
2026-02-21 07:54:53,300 [INFO] Attente FinishedPointer...
2026-02-21 07:54:53,300 [INFO] Attente: FinishedPointer
2026-02-21 07:55:42,758 [DEBUG] Anti-stuck OK, diff=53717278
2026-02-21 07:56:42,855 [DEBUG] Anti-stuck OK, diff=43635187
2026-02-21 07:57:11,611 [DEBUG] Trouvé [FinishedPointer] confiance=0.89 pos=(767,206)
2026-02-21 07:57:11,613 [INFO] Clic: FinishedPointer
2026-02-21 07:57:12,173 [DEBUG] Clic en (767, 206)
2026-02-21 07:57:12,173 [INFO] ✓ Combat terminé
2026-02-21 07:57:12,173 [INFO] Écran de résultats
2026-02-21 07:57:12,919 [INFO] Attente: OkBattleButton
2026-02-21 07:57:14,402 [DEBUG] Trouvé [OkBattleButton] confiance=0.79 pos=(942,989)
2026-02-21 07:57:14,402 [INFO] Clic: OkBattleButton
2026-02-21 07:57:14,957 [DEBUG] Clic en (942, 989)
2026-02-21 07:57:14,957 [INFO] ✓ OkBattle étape 1
2026-02-21 07:57:15,713 [INFO] Attente: OkBattleButton
2026-02-21 07:57:17,180 [DEBUG] Trouvé [OkBattleButton] confiance=0.79 pos=(1059,989)
2026-02-21 07:57:17,183 [INFO] Clic: OkBattleButton
2026-02-21 07:57:17,742 [DEBUG] Clic en (1059, 989)
2026-02-21 07:57:17,742 [INFO] ✓ OkBattle étape 2
2026-02-21 07:57:17,742 [INFO] Confirmation rejouer
2026-02-21 07:57:18,543 [INFO] Attente: YesButton
2026-02-21 07:57:18,798 [DEBUG] Trouvé [YesButton] confiance=0.97 pos=(1060,745)
2026-02-21 07:57:18,799 [INFO] Clic: YesButton
2026-02-21 07:57:19,359 [DEBUG] Clic en (1060, 745)
2026-02-21 07:57:19,359 [INFO] ✓ Rejouer confirmé
2026-02-21 07:57:19,360 [INFO] Vérif cinématique inter-niveau
2026-02-21 07:57:20,571 [INFO] Pas de cinématique inter-niveau
2026-02-21 07:57:20,571 [INFO] ✓ Combat géré, retour détection prochain niveau
2026-02-21 07:57:20,572 [INFO] ✓✓ Combat terminé | Combats: 2 | Total: 2
2026-02-21 07:57:21,074 [INFO] Détection type de niveau...
2026-02-21 07:57:21,074 [INFO] Détection du type de niveau en cours...
2026-02-21 07:57:26,029 [DEBUG] Trouvé [StorySlide] confiance=0.89 pos=(942,64)
2026-02-21 07:57:26,032 [INFO] → CINEMATIQUE (StorySlide présent)
2026-02-21 07:57:26,032 [INFO] ★ Niveau CINÉMATIQUE
2026-02-21 07:57:26,032 [INFO] ─── Gestion niveau CINEMATIQUE ───
2026-02-21 07:57:26,032 [INFO] Skip cinématique
2026-02-21 07:57:26,246 [DEBUG] Trouvé [SkipButton] confiance=0.83 pos=(1121,63)
2026-02-21 07:57:26,804 [DEBUG] Clic en (1632, 63)
2026-02-21 07:57:26,804 [INFO] ✓ Skip cliqué
2026-02-21 07:57:33,914 [WARNING] [YesButton] non trouvé après 10 essais
2026-02-21 07:57:33,914 [INFO] ✓ Skip confirmé
2026-02-21 07:57:33,914 [INFO] Passage niveau suivant
2026-02-21 07:57:33,914 [INFO] Attente: YesButton
2026-02-21 07:57:42,949 [DEBUG] Anti-stuck OK, diff=40080270
2026-02-21 07:58:04,427 [WARNING] Timeout (30s) en attendant [YesButton]
2026-02-21 07:58:04,427 [WARNING] YesButton niveau suivant non trouvé
2026-02-21 07:58:04,429 [INFO] ✓✓ Cinématique terminée | Total: 3
2026-02-21 07:58:04,930 [INFO] Détection type de niveau...
2026-02-21 07:58:04,930 [INFO] Détection du type de niveau en cours...
2026-02-21 07:58:05,401 [DEBUG] Trouvé [StorySlide] confiance=0.89 pos=(942,64)
2026-02-21 07:58:05,403 [INFO] → CINEMATIQUE (StorySlide présent)
2026-02-21 07:58:05,405 [INFO] ★ Niveau CINÉMATIQUE
2026-02-21 07:58:05,405 [INFO] ─── Gestion niveau CINEMATIQUE ───
2026-02-21 07:58:05,405 [INFO] Skip cinématique
2026-02-21 07:58:05,644 [DEBUG] Trouvé [SkipButton] confiance=0.83 pos=(1121,63)
2026-02-21 07:58:06,204 [DEBUG] Clic en (1632, 63)
2026-02-21 07:58:06,204 [INFO] ✓ Skip cliqué
2026-02-21 07:58:13,333 [WARNING] [YesButton] non trouvé après 10 essais
2026-02-21 07:58:13,333 [INFO] ✓ Skip confirmé
2026-02-21 07:58:13,335 [INFO] Passage niveau suivant
2026-02-21 07:58:13,336 [INFO] Attente: YesButton
2026-02-21 07:58:43,036 [DEBUG] Anti-stuck OK, diff=30670338
2026-02-21 07:58:44,279 [WARNING] Timeout (30s) en attendant [YesButton]
2026-02-21 07:58:44,281 [WARNING] YesButton niveau suivant non trouvé
2026-02-21 07:58:44,281 [INFO] ✓✓ Cinématique terminée | Total: 4
2026-02-21 07:58:44,782 [INFO] Détection type de niveau...
2026-02-21 07:58:44,784 [INFO] Détection du type de niveau en cours...
2026-02-21 07:58:45,342 [DEBUG] Trouvé [StorySlide] confiance=0.89 pos=(942,64)
2026-02-21 07:58:45,344 [INFO] → CINEMATIQUE (StorySlide présent)
2026-02-21 07:58:45,344 [INFO] ★ Niveau CINÉMATIQUE
2026-02-21 07:58:45,344 [INFO] ─── Gestion niveau CINEMATIQUE ───
2026-02-21 07:58:45,346 [INFO] Skip cinématique
2026-02-21 07:58:45,586 [DEBUG] Trouvé [SkipButton] confiance=0.83 pos=(1121,63)
2026-02-21 07:58:46,155 [DEBUG] Clic en (1632, 63)
2026-02-21 07:58:46,155 [INFO] ✓ Skip cliqué
2026-02-21 07:58:53,496 [WARNING] [YesButton] non trouvé après 10 essais
2026-02-21 07:58:53,496 [INFO] ✓ Skip confirmé
2026-02-21 07:58:53,497 [INFO] Passage niveau suivant
2026-02-21 07:58:53,498 [INFO] Attente: YesButton
2026-02-21 07:59:23,626 [WARNING] Timeout (30s) en attendant [YesButton]
2026-02-21 07:59:23,627 [WARNING] YesButton niveau suivant non trouvé
2026-02-21 07:59:23,627 [INFO] ✓✓ Cinématique terminée | Total: 5
2026-02-21 07:59:24,131 [INFO] Détection type de niveau...
2026-02-21 07:59:24,131 [INFO] Détection du type de niveau en cours...
2026-02-21 07:59:24,619 [DEBUG] Trouvé [StorySlide] confiance=0.89 pos=(942,64)
2026-02-21 07:59:24,622 [INFO] → CINEMATIQUE (StorySlide présent)
2026-02-21 07:59:24,622 [INFO] ★ Niveau CINÉMATIQUE
2026-02-21 07:59:24,622 [INFO] ─── Gestion niveau CINEMATIQUE ───
2026-02-21 07:59:24,622 [INFO] Skip cinématique
2026-02-21 07:59:24,845 [DEBUG] Trouvé [SkipButton] confiance=0.83 pos=(1121,63)
2026-02-21 07:59:25,404 [DEBUG] Clic en (1632, 63)
2026-02-21 07:59:25,404 [INFO] ✓ Skip cliqué
2026-02-21 07:59:32,898 [WARNING] [YesButton] non trouvé après 10 essais
2026-02-21 07:59:32,899 [INFO] ✓ Skip confirmé
2026-02-21 07:59:32,900 [INFO] Passage niveau suivant
2026-02-21 07:59:32,900 [INFO] Attente: YesButton
2026-02-21 07:59:43,130 [DEBUG] Anti-stuck OK, diff=30591416
2026-02-21 08:00:03,741 [WARNING] Timeout (30s) en attendant [YesButton]
2026-02-21 08:00:03,741 [WARNING] YesButton niveau suivant non trouvé
2026-02-21 08:00:03,742 [INFO] ✓✓ Cinématique terminée | Total: 6
2026-02-21 08:00:04,243 [INFO] Détection type de niveau...
2026-02-21 08:00:04,243 [INFO] Détection du type de niveau en cours...
2026-02-21 08:00:04,895 [DEBUG] Trouvé [StorySlide] confiance=0.89 pos=(942,64)
2026-02-21 08:00:04,898 [INFO] → CINEMATIQUE (StorySlide présent)
2026-02-21 08:00:04,898 [INFO] ★ Niveau CINÉMATIQUE
2026-02-21 08:00:04,898 [INFO] ─── Gestion niveau CINEMATIQUE ───
2026-02-21 08:00:04,899 [INFO] Skip cinématique
2026-02-21 08:00:05,162 [DEBUG] Trouvé [SkipButton] confiance=0.83 pos=(1121,63)
2026-02-21 08:00:05,721 [DEBUG] Clic en (1632, 63)
2026-02-21 08:00:05,721 [INFO] ✓ Skip cliqué
2026-02-21 08:00:13,264 [WARNING] [YesButton] non trouvé après 10 essais
2026-02-21 08:00:13,264 [INFO] ✓ Skip confirmé
2026-02-21 08:00:13,264 [INFO] Passage niveau suivant
2026-02-21 08:00:13,266 [INFO] Attente: YesButton
2026-02-21 08:00:21,457 [DEBUG] Trouvé [YesButton] confiance=0.97 pos=(1060,745)
2026-02-21 08:00:21,459 [INFO] Clic: YesButton
2026-02-21 08:00:22,021 [DEBUG] Clic en (1060, 745)
2026-02-21 08:00:22,021 [INFO] ✓ Niveau suivant confirmé
2026-02-21 08:00:22,022 [INFO] ✓✓ Cinématique terminée | Total: 7
2026-02-21 08:00:22,523 [INFO] Détection type de niveau...
2026-02-21 08:00:22,523 [INFO] Détection du type de niveau en cours...
2026-02-21 08:00:23,679 [DEBUG] Trouvé [StartBattleButton] confiance=0.82 pos=(1081,904)
2026-02-21 08:00:23,682 [INFO] → COMBAT (StartBattleButton présent)
2026-02-21 08:00:23,684 [INFO] ★ Niveau COMBAT
2026-02-21 08:00:23,684 [INFO] ─── Gestion niveau COMBAT ───
2026-02-21 08:00:23,684 [INFO] Demo checkmark
2026-02-21 08:00:23,684 [INFO] Vérif Play Demo décochée...
2026-02-21 08:00:23,992 [DEBUG]   _find_best [DemoCheckmark] score=0.958
2026-02-21 08:00:24,221 [DEBUG]   _find_best [DemoChecked] score=1.000
2026-02-21 08:00:24,221 [DEBUG] → Gagnant: [DemoChecked] score=1.000
2026-02-21 08:00:24,227 [INFO] Play Demo cochée — clic pour décocher en (1078, 809)
2026-02-21 08:00:24,794 [DEBUG] Clic en (1078, 809)
2026-02-21 08:00:25,887 [DEBUG]   _find_best [DemoCheckmark] score=1.000
2026-02-21 08:00:26,067 [DEBUG]   _find_best [DemoChecked] score=0.958
2026-02-21 08:00:26,067 [DEBUG] → Gagnant: [DemoCheckmark] score=1.000
2026-02-21 08:00:26,070 [INFO] ✓ Play Demo décochée après clic
2026-02-21 08:00:26,070 [INFO] ✓ Demo décochée, lancement du combat
2026-02-21 08:00:26,070 [INFO] Attente StartBattle...
2026-02-21 08:00:26,070 [INFO] Attente: StartBattleButton
