2026-02-21 07:49:55,157 [INFO] Config chargee depuis config.json
2026-02-21 07:49:55,160 [DEBUG] Image chargée: StoryButton (story.png)
2026-02-21 07:49:55,160 [DEBUG] Image chargée: ContinueButton (continue.png)
2026-02-21 07:49:55,161 [DEBUG] Image chargée: MissionObject (mission.png)
2026-02-21 07:49:55,163 [DEBUG] Image chargée: DemoCheckmark (demo.png)
2026-02-21 07:49:55,164 [DEBUG] Image chargée: DemoChecked (demo_checked.png)
2026-02-21 07:49:55,164 [DEBUG] Image chargée: StartBattleButton (startbattle.png)
2026-02-21 07:49:55,165 [DEBUG] Image chargée: YesButton (yes.png)
2026-02-21 07:49:55,165 [DEBUG] Image chargée: NoButton (no.png)
2026-02-21 07:49:55,167 [DEBUG] Image chargée: LegendsPointer (legendspointer.png)
2026-02-21 07:49:55,167 [DEBUG] Image chargée: ReadyButton (ready.png)
2026-02-21 07:49:55,168 [DEBUG] Image chargée: FinishedPointer (finishedpointer.png)
2026-02-21 07:49:55,170 [DEBUG] Image chargée: TapArrow (tap.png)
2026-02-21 07:49:55,170 [DEBUG] Image chargée: OkBattleButton (okbattle.png)
2026-02-21 07:49:55,170 [DEBUG] Image chargée: SkipButton (skip.png)
2026-02-21 07:49:55,171 [DEBUG] Image chargée: StorySlide (storyslide.png)
2026-02-21 07:49:55,171 [WARNING] Images manquantes (2): ['ArrowObject', 'CloseButton']
2026-02-21 07:49:55,171 [WARNING] Mets ces images dans le dossier 'images/'
2026-02-21 07:49:55,171 [WARNING] Utilise l'outil de capture: python capture.py
2026-02-21 07:49:55,173 [INFO] Recherche de la fenetre: 'BlueStacks App Player'
2026-02-21 07:49:55,174 [INFO] Fenetre trouvée: Bluestacks App Player | Pos: (0,0) Taille: 1920x1032
2026-02-21 07:49:55,305 [INFO] DBFarmer initialisé avec succès
2026-02-21 07:49:55,308 [INFO] =======================================================
2026-02-21 07:49:55,310 [INFO]   SETUP INITIAL
2026-02-21 07:49:55,310 [INFO] =======================================================
2026-02-21 07:49:55,312 [INFO] Attente: StoryButton
2026-02-21 07:49:55,673 [DEBUG] Trouvé [StoryButton] confiance=0.95 pos=(795,795)
2026-02-21 07:49:55,677 [INFO] Clic: StoryButton
2026-02-21 07:49:56,238 [DEBUG] Clic en (795, 795)
2026-02-21 07:49:56,241 [INFO] ✓ Histoire sélectionnée
2026-02-21 07:49:56,241 [INFO] Attente: ContinueButton
2026-02-21 07:49:57,758 [DEBUG] Trouvé [ContinueButton] confiance=0.76 pos=(1116,819)
2026-02-21 07:49:57,762 [INFO] Clic: ContinueButton
2026-02-21 07:49:58,318 [DEBUG] Clic en (1116, 819)
2026-02-21 07:49:58,318 [INFO] ✓ Continuer cliqué
2026-02-21 07:50:00,177 [INFO] Anti-stuck démarré (thread background)
2026-02-21 07:50:02,184 [WARNING] [YesButton] non trouvé après 5 essais
2026-02-21 07:50:02,184 [INFO] ✓ Setup terminé - la boucle prend le relais
2026-02-21 07:50:02,184 [INFO] =======================================================
2026-02-21 07:50:02,184 [INFO]   BOUCLE DE FARMING DÉMARRÉE
2026-02-21 07:50:02,184 [INFO] =======================================================
2026-02-21 07:50:02,184 [INFO] Détection type de niveau...
2026-02-21 07:50:02,186 [INFO] Détection du type de niveau en cours...
2026-02-21 07:50:02,399 [DEBUG] Trouvé [StartBattleButton] confiance=0.82 pos=(1081,904)
2026-02-21 07:50:02,402 [INFO] → COMBAT (StartBattleButton présent)
2026-02-21 07:50:02,402 [INFO] ★ Niveau COMBAT
2026-02-21 07:50:02,402 [INFO] ─── Gestion niveau COMBAT ───
2026-02-21 07:50:02,402 [INFO] Demo checkmark
2026-02-21 07:50:02,402 [INFO] Vérif Play Demo décochée...
2026-02-21 07:50:02,604 [DEBUG] Trouvé [DemoCheckmark] confiance=0.96 pos=(1080,809)
2026-02-21 07:50:02,607 [INFO] ✓ Play Demo vide (décochée), prêt à lancer
2026-02-21 07:50:02,607 [INFO] ✓ Demo décochée, lancement du combat
2026-02-21 07:50:02,607 [INFO] Attente StartBattle...
2026-02-21 07:50:02,607 [INFO] Attente: StartBattleButton
2026-02-21 07:50:02,817 [DEBUG] Trouvé [StartBattleButton] confiance=0.82 pos=(1081,904)
2026-02-21 07:50:02,820 [INFO] Clic: StartBattleButton
2026-02-21 07:50:03,380 [DEBUG] Clic en (1081, 904)
2026-02-21 07:50:03,380 [INFO] ✓ Combattre cliqué
2026-02-21 07:50:10,236 [WARNING] [YesButton] non trouvé après 8 essais
2026-02-21 07:50:10,237 [WARNING] YesButton non trouvé après StartBattle
2026-02-21 07:50:10,237 [INFO] Sélection équipe
2026-02-21 07:51:00,281 [DEBUG] Anti-stuck OK, diff=71997738
