2026-02-22 01:16:30,040 [INFO] Config chargee depuis config.json
2026-02-22 01:16:30,042 [DEBUG] Image chargée: StoryButton (story.png)
2026-02-22 01:16:30,043 [DEBUG] Image chargée: ContinueButton (continue.png)
2026-02-22 01:16:30,045 [DEBUG] Image chargée: MissionObject (mission.png)
2026-02-22 01:16:30,045 [DEBUG] Image chargée: DemoCheckmark (demo.png)
2026-02-22 01:16:30,047 [DEBUG] Image chargée: DemoChecked (demo_checked.png)
2026-02-22 01:16:30,047 [DEBUG] Image chargée: StartBattleButton (startbattle.png)
2026-02-22 01:16:30,048 [DEBUG] Image chargée: YesButton (yes.png)
2026-02-22 01:16:30,048 [DEBUG] Image chargée: NoButton (no.png)
2026-02-22 01:16:30,050 [DEBUG] Image chargée: LegendsPointer (legendspointer.png)
2026-02-22 01:16:30,050 [DEBUG] Image chargée: ReadyButton (ready.png)
2026-02-22 01:16:30,050 [DEBUG] Image chargée: FinishedPointer (finishedpointer.png)
2026-02-22 01:16:30,051 [DEBUG] Image chargée: TapArrow (tap.png)
2026-02-22 01:16:30,053 [DEBUG] Image chargée: OkBattleButton (okbattle.png)
2026-02-22 01:16:30,054 [DEBUG] Image chargée: SkipButton (skip.png)
2026-02-22 01:16:30,054 [DEBUG] Image chargée: StorySlide (storyslide.png)
2026-02-22 01:16:30,055 [WARNING] Images manquantes (2): ['ArrowObject', 'CloseButton']
2026-02-22 01:16:30,055 [WARNING] Mets ces images dans le dossier 'images/'
2026-02-22 01:16:30,055 [WARNING] Utilise l'outil de capture: python capture.py
2026-02-22 01:16:30,055 [INFO] Recherche de la fenetre: 'BlueStacks App Player'
2026-02-22 01:16:30,057 [INFO] Fenetre trouvée: Bluestacks App Player | Pos: (-32000,-32000) Taille: 160x28
2026-02-22 01:16:30,210 [INFO] DBFarmer initialisé avec succès
2026-02-22 01:16:30,530 [INFO] =======================================================
2026-02-22 01:16:30,534 [INFO]   SETUP INITIAL
2026-02-22 01:16:30,537 [INFO] =======================================================
2026-02-22 01:16:30,537 [INFO] Attente: StoryButton
2026-02-22 01:16:35,060 [INFO] Anti-stuck démarré (thread background)
