2026-02-21 07:31:04,614 [INFO] Config chargee depuis config.json
2026-02-21 07:31:04,617 [DEBUG] Image chargée: StoryButton (story.png)
2026-02-21 07:31:04,619 [DEBUG] Image chargée: ContinueButton (continue.png)
2026-02-21 07:31:04,620 [DEBUG] Image chargée: MissionObject (mission.png)
2026-02-21 07:31:04,620 [DEBUG] Image chargée: DemoCheckmark (demo.png)
2026-02-21 07:31:04,620 [DEBUG] Image chargée: StartBattleButton (startbattle.png)
2026-02-21 07:31:04,622 [DEBUG] Image chargée: YesButton (yes.png)
2026-02-21 07:31:04,623 [DEBUG] Image chargée: NoButton (no.png)
2026-02-21 07:31:04,625 [DEBUG] Image chargée: LegendsPointer (legendspointer.png)
2026-02-21 07:31:04,625 [DEBUG] Image chargée: ReadyButton (ready.png)
2026-02-21 07:31:04,626 [DEBUG] Image chargée: FinishedPointer (finishedpointer.png)
2026-02-21 07:31:04,626 [DEBUG] Image chargée: TapArrow (tap.png)
2026-02-21 07:31:04,626 [DEBUG] Image chargée: OkBattleButton (okbattle.png)
2026-02-21 07:31:04,628 [DEBUG] Image chargée: SkipButton (skip.png)
2026-02-21 07:31:04,628 [DEBUG] Image chargée: StorySlide (storyslide.png)
2026-02-21 07:31:04,628 [WARNING] Images manquantes (2): ['ArrowObject', 'CloseButton']
2026-02-21 07:31:04,628 [WARNING] Mets ces images dans le dossier 'images/'
2026-02-21 07:31:04,629 [WARNING] Utilise l'outil de capture: python capture.py
2026-02-21 07:31:04,629 [INFO] Recherche de la fenetre: 'BlueStacks App Player'
2026-02-21 07:31:04,630 [INFO] Fenetre trouvée: Bluestacks App Player | Pos: (0,0) Taille: 1920x1032
2026-02-21 07:31:04,782 [INFO] DBFarmer initialisé avec succès
2026-02-21 07:31:04,788 [INFO] =======================================================
2026-02-21 07:31:04,789 [INFO]   SETUP INITIAL
2026-02-21 07:31:04,790 [INFO] =======================================================
2026-02-21 07:31:04,792 [INFO] Attente: StoryButton
2026-02-21 07:31:06,512 [DEBUG] Trouvé [StoryButton] confiance=0.98 pos=(795,795)
2026-02-21 07:31:06,515 [INFO] Clic: StoryButton
2026-02-21 07:31:07,069 [DEBUG] Clic en (795, 795)
2026-02-21 07:31:07,069 [INFO] ✓ Histoire sélectionnée
2026-02-21 07:31:07,069 [INFO] Attente: ContinueButton
2026-02-21 07:31:08,527 [DEBUG] Trouvé [ContinueButton] confiance=0.76 pos=(1116,819)
2026-02-21 07:31:08,530 [INFO] Clic: ContinueButton
2026-02-21 07:31:09,085 [DEBUG] Clic en (1116, 819)
2026-02-21 07:31:09,085 [INFO] ✓ Continuer cliqué
2026-02-21 07:31:09,633 [INFO] Anti-stuck démarré (thread background)
2026-02-21 07:31:13,020 [WARNING] [YesButton] non trouvé après 5 essais
2026-02-21 07:31:13,020 [INFO] ✓ Setup terminé - la boucle prend le relais
2026-02-21 07:31:13,020 [INFO] =======================================================
2026-02-21 07:31:13,020 [INFO]   BOUCLE DE FARMING DÉMARRÉE
2026-02-21 07:31:13,021 [INFO] =======================================================
2026-02-21 07:31:13,021 [INFO] Détection type de niveau...
2026-02-21 07:31:13,021 [INFO] Détection du type de niveau en cours...
2026-02-21 07:31:13,279 [DEBUG] Trouvé [DemoCheckmark] confiance=0.93 pos=(1081,808)
2026-02-21 07:31:13,280 [INFO] → Niveau COMBAT détecté (DemoCheckmark présent)
2026-02-21 07:31:13,282 [INFO] ★ Niveau COMBAT
2026-02-21 07:31:13,282 [INFO] ─── Gestion niveau COMBAT ───
2026-02-21 07:31:13,282 [INFO] Demo checkmark
2026-02-21 07:31:13,282 [INFO] Attente: DemoCheckmark
2026-02-21 07:31:13,519 [DEBUG] Trouvé [DemoCheckmark] confiance=0.93 pos=(1081,808)
2026-02-21 07:31:13,521 [INFO] Clic: DemoCheckmark
2026-02-21 07:31:14,078 [DEBUG] Clic en (1081, 808)
2026-02-21 07:31:14,078 [INFO] ✓ Demo checkmark
2026-02-21 07:31:14,078 [INFO] Attente StartBattle...
2026-02-21 07:31:14,078 [INFO] Attente: StartBattleButton
2026-02-21 07:31:14,322 [DEBUG] Trouvé [StartBattleButton] confiance=0.82 pos=(1081,904)
2026-02-21 07:31:14,325 [INFO] Clic: StartBattleButton
2026-02-21 07:31:14,883 [DEBUG] Clic en (1081, 904)
2026-02-21 07:31:14,883 [INFO] ✓ Combattre cliqué
2026-02-21 07:31:21,827 [WARNING] [YesButton] non trouvé après 8 essais
2026-02-21 07:31:21,827 [WARNING] YesButton non trouvé après StartBattle
2026-02-21 07:31:21,827 [INFO] Sélection équipe
2026-02-21 07:31:22,035 [DEBUG] Trouvé [LegendsPointer] confiance=0.87 pos=(1145,541)
2026-02-21 07:31:22,799 [DEBUG] Clic en (845, 631)
2026-02-21 07:31:22,799 [INFO] Perso 1 cliqué: (845, 631)
2026-02-21 07:31:23,355 [DEBUG] Clic en (945, 631)
2026-02-21 07:31:23,355 [INFO] Perso 2 cliqué: (945, 631)
2026-02-21 07:31:23,911 [DEBUG] Clic en (1045, 631)
2026-02-21 07:31:23,911 [INFO] Perso 3 cliqué: (1045, 631)
2026-02-21 07:31:23,912 [INFO] Attente: ReadyButton
2026-02-21 07:31:24,172 [DEBUG] Trouvé [ReadyButton] confiance=0.97 pos=(944,986)
2026-02-21 07:31:24,174 [INFO] Clic: ReadyButton
2026-02-21 07:31:24,730 [DEBUG] Clic en (944, 986)
2026-02-21 07:31:24,730 [INFO] ✓ Prêt
2026-02-21 07:31:31,339 [WARNING] [YesButton] non trouvé après 8 essais
2026-02-21 07:31:31,339 [WARNING] YesButton non trouvé après ReadyButton
2026-02-21 07:31:31,340 [INFO] Attente fin de combat...
2026-02-21 07:31:31,340 [INFO] Attente FinishedPointer...
2026-02-21 07:31:31,340 [INFO] Attente: FinishedPointer
2026-02-21 07:32:09,727 [DEBUG] Anti-stuck OK, diff=51100330
2026-02-21 07:32:28,137 [DEBUG] Trouvé [FinishedPointer] confiance=0.89 pos=(767,206)
2026-02-21 07:32:28,138 [INFO] Clic: FinishedPointer
2026-02-21 07:32:28,699 [DEBUG] Clic en (767, 206)
2026-02-21 07:32:28,699 [INFO] ✓ Combat terminé
2026-02-21 07:32:28,699 [INFO] Écran de résultats
2026-02-21 07:32:29,419 [INFO] Attente: OkBattleButton
2026-02-21 07:32:30,895 [DEBUG] Trouvé [OkBattleButton] confiance=0.79 pos=(942,989)
2026-02-21 07:32:30,898 [INFO] Clic: OkBattleButton
2026-02-21 07:32:31,456 [DEBUG] Clic en (942, 989)
2026-02-21 07:32:31,456 [INFO] ✓ OkBattle étape 1
2026-02-21 07:32:32,176 [INFO] Attente: OkBattleButton
2026-02-21 07:32:33,644 [DEBUG] Trouvé [OkBattleButton] confiance=0.78 pos=(1059,989)
2026-02-21 07:32:33,646 [INFO] Clic: OkBattleButton
2026-02-21 07:32:34,206 [DEBUG] Clic en (1059, 989)
2026-02-21 07:32:34,206 [INFO] ✓ OkBattle étape 2
2026-02-21 07:32:34,206 [INFO] Confirmation rejouer
2026-02-21 07:32:35,007 [INFO] Attente: YesButton
2026-02-21 07:32:35,255 [DEBUG] Trouvé [YesButton] confiance=0.97 pos=(1060,745)
2026-02-21 07:32:35,256 [INFO] Clic: YesButton
2026-02-21 07:32:35,816 [DEBUG] Clic en (1060, 745)
2026-02-21 07:32:35,816 [INFO] ✓ Rejouer confirmé
2026-02-21 07:32:35,816 [INFO] Vérif cinématique inter-niveau
2026-02-21 07:32:37,033 [INFO] Pas de cinématique inter-niveau
2026-02-21 07:32:37,033 [INFO] ✓ Combat géré, retour détection prochain niveau
2026-02-21 07:32:37,035 [INFO] ✓✓ Combat terminé | Combats: 1 | Total: 1
2026-02-21 07:32:37,536 [INFO] Détection type de niveau...
2026-02-21 07:32:37,536 [INFO] Détection du type de niveau en cours...
2026-02-21 07:33:05,185 [DEBUG] Trouvé [StorySlide] confiance=0.75 pos=(942,64)
2026-02-21 07:33:05,188 [INFO] → Niveau CINEMATIQUE détecté (StorySlide présent)
2026-02-21 07:33:05,188 [INFO] ★ Niveau CINÉMATIQUE
2026-02-21 07:33:05,188 [INFO] ─── Gestion niveau CINEMATIQUE ───
2026-02-21 07:33:05,188 [INFO] Skip cinématique
2026-02-21 07:33:05,443 [DEBUG] Trouvé [SkipButton] confiance=0.96 pos=(1121,63)
2026-02-21 07:33:06,004 [DEBUG] Clic en (1632, 63)
2026-02-21 07:33:06,004 [INFO] ✓ Skip cliqué
2026-02-21 07:33:09,453 [DEBUG] Trouvé [YesButton] confiance=0.97 pos=(1060,745)
2026-02-21 07:33:09,827 [DEBUG] Anti-stuck OK, diff=74268272
2026-02-21 07:33:10,009 [DEBUG] Clic en (1060, 745)
2026-02-21 07:33:10,009 [INFO] ✓ Skip confirmé
2026-02-21 07:33:10,009 [INFO] Passage niveau suivant
2026-02-21 07:33:10,009 [INFO] Attente: YesButton
2026-02-21 07:33:25,405 [DEBUG] Trouvé [YesButton] confiance=0.97 pos=(1060,745)
2026-02-21 07:33:25,408 [INFO] Clic: YesButton
2026-02-21 07:33:25,967 [DEBUG] Clic en (1060, 745)
2026-02-21 07:33:25,967 [INFO] ✓ Niveau suivant confirmé
2026-02-21 07:33:25,967 [INFO] ✓✓ Cinématique terminée | Total: 2
2026-02-21 07:33:26,468 [INFO] Détection type de niveau...
2026-02-21 07:33:26,468 [INFO] Détection du type de niveau en cours...
2026-02-21 07:33:27,980 [DEBUG] Trouvé [DemoCheckmark] confiance=0.93 pos=(1081,808)
2026-02-21 07:33:27,983 [INFO] → Niveau COMBAT détecté (DemoCheckmark présent)
2026-02-21 07:33:27,984 [INFO] ★ Niveau COMBAT
2026-02-21 07:33:27,984 [INFO] ─── Gestion niveau COMBAT ───
2026-02-21 07:33:27,984 [INFO] Demo checkmark
2026-02-21 07:33:27,986 [INFO] Attente: DemoCheckmark
2026-02-21 07:33:28,218 [DEBUG] Trouvé [DemoCheckmark] confiance=0.93 pos=(1081,808)
2026-02-21 07:33:28,220 [INFO] Clic: DemoCheckmark
2026-02-21 07:33:28,778 [DEBUG] Clic en (1081, 808)
2026-02-21 07:33:28,778 [INFO] ✓ Demo checkmark
2026-02-21 07:33:28,778 [INFO] Attente StartBattle...
2026-02-21 07:33:28,778 [INFO] Attente: StartBattleButton
2026-02-21 07:33:29,024 [DEBUG] Trouvé [StartBattleButton] confiance=0.82 pos=(1081,904)
2026-02-21 07:33:29,026 [INFO] Clic: StartBattleButton
2026-02-21 07:33:29,587 [DEBUG] Clic en (1081, 904)
2026-02-21 07:33:29,587 [INFO] ✓ Combattre cliqué
2026-02-21 07:33:36,534 [WARNING] [YesButton] non trouvé après 8 essais
2026-02-21 07:33:36,534 [WARNING] YesButton non trouvé après StartBattle
2026-02-21 07:33:36,534 [INFO] Sélection équipe
2026-02-21 07:33:42,775 [DEBUG] Trouvé [LegendsPointer] confiance=0.87 pos=(1145,541)
2026-02-21 07:33:43,535 [DEBUG] Clic en (845, 631)
2026-02-21 07:33:43,535 [INFO] Perso 1 cliqué: (845, 631)
2026-02-21 07:33:44,091 [DEBUG] Clic en (945, 631)
2026-02-21 07:33:44,091 [INFO] Perso 2 cliqué: (945, 631)
2026-02-21 07:33:44,648 [DEBUG] Clic en (1045, 631)
2026-02-21 07:33:44,648 [INFO] Perso 3 cliqué: (1045, 631)
2026-02-21 07:33:44,648 [INFO] Attente: ReadyButton
2026-02-21 07:33:44,903 [DEBUG] Trouvé [ReadyButton] confiance=0.97 pos=(944,986)
2026-02-21 07:33:44,905 [INFO] Clic: ReadyButton
2026-02-21 07:33:45,458 [DEBUG] Clic en (944, 986)
2026-02-21 07:33:45,458 [INFO] ✓ Prêt
2026-02-21 07:33:52,267 [WARNING] [YesButton] non trouvé après 8 essais
2026-02-21 07:33:52,267 [WARNING] YesButton non trouvé après ReadyButton
2026-02-21 07:33:52,267 [INFO] Attente fin de combat...
2026-02-21 07:33:52,267 [INFO] Attente FinishedPointer...
2026-02-21 07:33:52,267 [INFO] Attente: FinishedPointer
2026-02-21 07:34:09,945 [DEBUG] Anti-stuck OK, diff=48943002
2026-02-21 07:35:10,037 [DEBUG] Anti-stuck OK, diff=70849262
2026-02-21 07:36:01,829 [DEBUG] Trouvé [FinishedPointer] confiance=0.90 pos=(767,206)
2026-02-21 07:36:01,830 [INFO] Clic: FinishedPointer
2026-02-21 07:36:02,392 [DEBUG] Clic en (767, 206)
2026-02-21 07:36:02,392 [INFO] ✓ Combat terminé
2026-02-21 07:36:02,392 [INFO] Écran de résultats
2026-02-21 07:36:03,153 [INFO] Attente: OkBattleButton
2026-02-21 07:36:04,783 [DEBUG] Trouvé [OkBattleButton] confiance=0.79 pos=(942,989)
2026-02-21 07:36:04,785 [INFO] Clic: OkBattleButton
2026-02-21 07:36:05,341 [DEBUG] Clic en (942, 989)
2026-02-21 07:36:05,341 [INFO] ✓ OkBattle étape 1
2026-02-21 07:36:06,121 [INFO] Attente: OkBattleButton
2026-02-21 07:36:07,647 [DEBUG] Trouvé [OkBattleButton] confiance=0.79 pos=(1059,989)
2026-02-21 07:36:07,651 [INFO] Clic: OkBattleButton
2026-02-21 07:36:08,211 [DEBUG] Clic en (1059, 989)
2026-02-21 07:36:08,211 [INFO] ✓ OkBattle étape 2
2026-02-21 07:36:08,211 [INFO] Confirmation rejouer
2026-02-21 07:36:09,013 [INFO] Attente: YesButton
2026-02-21 07:36:10,122 [DEBUG] Anti-stuck OK, diff=62911239
2026-02-21 07:36:17,036 [DEBUG] Trouvé [YesButton] confiance=0.97 pos=(1060,745)
2026-02-21 07:36:17,037 [INFO] Clic: YesButton
2026-02-21 07:36:17,599 [DEBUG] Clic en (1060, 745)
2026-02-21 07:36:17,599 [INFO] ✓ Rejouer confirmé
2026-02-21 07:36:17,599 [INFO] Vérif cinématique inter-niveau
2026-02-21 07:36:18,885 [INFO] Pas de cinématique inter-niveau
2026-02-21 07:36:18,888 [INFO] ✓ Combat géré, retour détection prochain niveau
2026-02-21 07:36:18,888 [INFO] ✓✓ Combat terminé | Combats: 2 | Total: 3
2026-02-21 07:36:19,389 [INFO] Détection type de niveau...
2026-02-21 07:36:19,389 [INFO] Détection du type de niveau en cours...
2026-02-21 07:37:05,650 [WARNING] Type non détecté après 45s → traité comme COMBAT par défaut
2026-02-21 07:37:05,650 [WARNING] Type inconnu → traité comme COMBAT
2026-02-21 07:37:05,652 [INFO] ★ Niveau COMBAT
2026-02-21 07:37:05,652 [INFO] ─── Gestion niveau COMBAT ───
2026-02-21 07:37:05,652 [INFO] Demo checkmark
2026-02-21 07:37:05,652 [INFO] Attente: DemoCheckmark
2026-02-21 07:37:10,207 [DEBUG] Anti-stuck OK, diff=53539809
2026-02-21 07:37:20,877 [WARNING] Timeout (15s) en attendant [DemoCheckmark]
2026-02-21 07:37:20,877 [INFO] ✓ Demo checkmark
2026-02-21 07:37:20,878 [INFO] Attente StartBattle...
2026-02-21 07:37:20,878 [INFO] Attente: StartBattleButton
