2026-02-21 07:43:04,786 [INFO] Config chargee depuis config.json
2026-02-21 07:43:04,787 [DEBUG] Image chargée: StoryButton (story.png)
2026-02-21 07:43:04,789 [DEBUG] Image chargée: ContinueButton (continue.png)
2026-02-21 07:43:04,789 [DEBUG] Image chargée: MissionObject (mission.png)
2026-02-21 07:43:04,790 [DEBUG] Image chargée: DemoCheckmark (demo.png)
2026-02-21 07:43:04,790 [DEBUG] Image chargée: DemoChecked (demo_checked.png)
2026-02-21 07:43:04,792 [DEBUG] Image chargée: StartBattleButton (startbattle.png)
2026-02-21 07:43:04,792 [DEBUG] Image chargée: YesButton (yes.png)
2026-02-21 07:43:04,794 [DEBUG] Image chargée: NoButton (no.png)
2026-02-21 07:43:04,794 [DEBUG] Image chargée: LegendsPointer (legendspointer.png)
2026-02-21 07:43:04,794 [DEBUG] Image chargée: ReadyButton (ready.png)
2026-02-21 07:43:04,794 [DEBUG] Image chargée: FinishedPointer (finishedpointer.png)
2026-02-21 07:43:04,796 [DEBUG] Image chargée: TapArrow (tap.png)
2026-02-21 07:43:04,798 [DEBUG] Image chargée: OkBattleButton (okbattle.png)
2026-02-21 07:43:04,798 [DEBUG] Image chargée: SkipButton (skip.png)
2026-02-21 07:43:04,799 [DEBUG] Image chargée: StorySlide (storyslide.png)
2026-02-21 07:43:04,799 [WARNING] Images manquantes (2): ['ArrowObject', 'CloseButton']
2026-02-21 07:43:04,799 [WARNING] Mets ces images dans le dossier 'images/'
2026-02-21 07:43:04,799 [WARNING] Utilise l'outil de capture: python capture.py
2026-02-21 07:43:04,799 [INFO] Recherche de la fenetre: 'BlueStacks App Player'
2026-02-21 07:43:04,801 [INFO] Fenetre trouvée: Bluestacks App Player | Pos: (0,0) Taille: 1920x1032
2026-02-21 07:43:04,918 [INFO] DBFarmer initialisé avec succès
2026-02-21 07:43:04,921 [INFO] =======================================================
2026-02-21 07:43:04,922 [INFO]   SETUP INITIAL
2026-02-21 07:43:04,922 [INFO] =======================================================
2026-02-21 07:43:04,922 [INFO] Attente: StoryButton
2026-02-21 07:43:09,803 [INFO] Anti-stuck démarré (thread background)
2026-02-21 07:43:10,454 [DEBUG] Trouvé [StoryButton] confiance=0.95 pos=(795,795)
2026-02-21 07:43:10,457 [INFO] Clic: StoryButton
2026-02-21 07:43:11,019 [DEBUG] Clic en (795, 795)
2026-02-21 07:43:11,019 [INFO] ✓ Histoire sélectionnée
2026-02-21 07:43:11,021 [INFO] Attente: ContinueButton
2026-02-21 07:43:12,524 [DEBUG] Trouvé [ContinueButton] confiance=0.76 pos=(1116,819)
2026-02-21 07:43:12,526 [INFO] Clic: ContinueButton
2026-02-21 07:43:13,087 [DEBUG] Clic en (1116, 819)
2026-02-21 07:43:13,087 [INFO] ✓ Continuer cliqué
2026-02-21 07:43:17,031 [WARNING] [YesButton] non trouvé après 5 essais
2026-02-21 07:43:17,031 [INFO] ✓ Setup terminé - la boucle prend le relais
2026-02-21 07:43:17,031 [INFO] =======================================================
2026-02-21 07:43:17,031 [INFO]   BOUCLE DE FARMING DÉMARRÉE
2026-02-21 07:43:17,031 [INFO] =======================================================
2026-02-21 07:43:17,033 [INFO] Détection type de niveau...
2026-02-21 07:43:17,034 [INFO] Détection du type de niveau en cours...
2026-02-21 07:43:17,265 [DEBUG] Trouvé [DemoCheckmark] confiance=0.98 pos=(1081,809)
2026-02-21 07:43:17,267 [INFO] → COMBAT (DemoCheckmark présent)
2026-02-21 07:43:17,267 [INFO] ★ Niveau COMBAT
2026-02-21 07:43:17,267 [INFO] ─── Gestion niveau COMBAT ───
2026-02-21 07:43:17,267 [INFO] Demo checkmark
2026-02-21 07:43:17,268 [INFO] Vérification Demo décochée...
2026-02-21 07:43:17,505 [DEBUG] Trouvé [DemoCheckmark] confiance=0.98 pos=(1081,809)
2026-02-21 07:43:17,507 [INFO] ✓ Demo bien décochée, prêt à lancer
2026-02-21 07:43:17,507 [INFO] ✓ Demo décochée, lancement du combat
2026-02-21 07:43:17,509 [INFO] Attente StartBattle...
2026-02-21 07:43:17,509 [INFO] Attente: StartBattleButton
2026-02-21 07:43:17,761 [DEBUG] Trouvé [StartBattleButton] confiance=0.82 pos=(1081,904)
2026-02-21 07:43:17,763 [INFO] Clic: StartBattleButton
2026-02-21 07:43:18,322 [DEBUG] Clic en (1081, 904)
2026-02-21 07:43:18,322 [INFO] ✓ Combattre cliqué
2026-02-21 07:43:25,185 [WARNING] [YesButton] non trouvé après 8 essais
2026-02-21 07:43:25,185 [WARNING] YesButton non trouvé après StartBattle
2026-02-21 07:43:25,187 [INFO] Sélection équipe
